#
# There is insufficient memory for the Java Runtime Environment to continue.
# Native memory allocation (malloc) failed to allocate 1095376 bytes. Error detail: Chunk::new
# Possible reasons:
#   The system is out of physical RAM or swap space
#   This process is running with CompressedOops enabled, and the Java Heap may be blocking the growth of the native heap
# Possible solutions:
#   Reduce memory load on the system
#   Increase physical memory or swap space
#   Check if swap backing store is full
#   Decrease Java heap size (-Xmx/-Xms)
#   Decrease number of Java threads
#   Decrease Java thread stack sizes (-Xss)
#   Set larger code cache with -XX:ReservedCodeCacheSize=
#   JVM is running with Unscaled Compressed Oops mode in which the Java heap is
#     placed in the first 4GB address space. The Java Heap base address is the
#     maximum limit for the native heap growth. Please use -XX:HeapBaseMinAddress
#     to set the Java Heap base and to place the Java Heap above 4GB virtual address.
# This output file may be truncated or incomplete.
#
#  Out of Memory Error (arena.cpp:168), pid=23036, tid=5932
#
# JRE version: OpenJDK Runtime Environment Temurin-21.0.10+7 (21.0.10+7) (build 21.0.10+7-LTS)
# Java VM: OpenJDK 64-Bit Server VM Temurin-21.0.10+7 (21.0.10+7-LTS, mixed mode, sharing, tiered, compressed oops, compressed class ptrs, parallel gc, windows-amd64)
# No core dump will be written. Minidumps are not enabled by default on client versions of Windows
#

---------------  S U M M A R Y ------------

Command Line: --add-modules=ALL-SYSTEM --add-opens=java.base/java.util=ALL-UNNAMED --add-opens=java.base/java.lang=ALL-UNNAMED --add-opens=java.base/sun.nio.fs=ALL-UNNAMED -Declipse.application=org.eclipse.jdt.ls.core.id1 -Dosgi.bundles.defaultStartLevel=4 -Declipse.product=org.eclipse.jdt.ls.core.product -Djava.import.generatesMetadataFilesAtProjectRoot=false -DDetectVMInstallationsJob.disabled=true -Dfile.encoding=utf8 -XX:+UseParallelGC -XX:GCTimeRatio=4 -XX:AdaptiveSizePolicyWeight=90 -Dsun.zip.disableMemoryMapping=true -Xmx2G -Xms100m -Xlog:disable -javaagent:c:\Users\Ghani\.vscode\extensions\redhat.java-1.53.0-win32-x64\lombok\lombok-1.18.39-4050.jar c:\Users\Ghani\.vscode\extensions\redhat.java-1.53.0-win32-x64\server\plugins\org.eclipse.equinox.launcher_1.7.100.v20251111-0406.jar -configuration c:\Users\Ghani\AppData\Roaming\Code\User\globalStorage\redhat.java\1.53.0\config_ss_win -data c:\Users\Ghani\AppData\Roaming\Code\User\workspaceStorage\fb3df97a9f176c259a1fbb3e8f6b0e32\redhat.java\ss_ws --pipe=\\.\pipe\lsp-b87c3e5ddb35ad142683e7dc6735b4c3-sock

Host: Intel(R) Core(TM) i5-8365U CPU @ 1.60GHz, 8 cores, 15G,  Windows 10 , 64 bit Build 19041 (10.0.19041.6807)
Time: Thu Apr  9 12:31:56 2026 Pakistan Standard Time elapsed time: 20.581112 seconds (0d 0h 0m 20s)

---------------  T H R E A D  ---------------

Current thread (0x000001c32909c630):  JavaThread "C2 CompilerThread0" daemon [_thread_in_native, id=5932, stack(0x0000000ef3600000,0x0000000ef3700000) (1024K)]


Current CompileTask:
C2:20581 2581       4       org.lombokweb.asm.ClassReader::readMethod (1070 bytes)

Stack: [0x0000000ef3600000,0x0000000ef3700000]
Native frames: (J=compiled Java code, j=interpreted, Vv=VM code, C=native code)
V  [jvm.dll+0x6d7a39]
V  [jvm.dll+0x8b4b26]
V  [jvm.dll+0x8b70de]
V  [jvm.dll+0x8b77c3]
V  [jvm.dll+0x284346]
V  [jvm.dll+0xc66ed]
V  [jvm.dll+0xc6c31]
V  [jvm.dll+0x3bec01]
V  [jvm.dll+0x38b162]
V  [jvm.dll+0x38a5aa]
V  [jvm.dll+0x24c560]
V  [jvm.dll+0x24bb40]
V  [jvm.dll+0x1cb34e]
V  [jvm.dll+0x25b85d]
V  [jvm.dll+0x259dea]
V  [jvm.dll+0x3f857e]
V  [jvm.dll+0x85f59d]
V  [jvm.dll+0x6d626d]
C  [ucrtbase.dll+0x21bb2]
C  [KERNEL32.DLL+0x17374]
C  [ntdll.dll+0x4cc91]


---------------  P R O C E S S  ---------------

Threads class SMR info:
_java_thread_list=0x000001c3874b0220, length=19, elements={
0x000001c3291226c0, 0x000001c329092cf0, 0x000001c329094500, 0x000001c329095e10,
0x000001c329096fb0, 0x000001c329098d80, 0x000001c32909b7f0, 0x000001c32909c630,
0x000001c3290b8e80, 0x000001c382595800, 0x000001c38274d140, 0x000001c3872a7780,
0x000001c38777f9c0, 0x000001c387780840, 0x000001c38755f230, 0x000001c3877e2620,
0x000001c387748450, 0x000001c387748ac0, 0x000001c388856570
}

Java Threads: ( => current thread )
  0x000001c3291226c0 JavaThread "main"                              [_thread_blocked, id=12424, stack(0x0000000ef2c00000,0x0000000ef2d00000) (1024K)]
  0x000001c329092cf0 JavaThread "Reference Handler"          daemon [_thread_blocked, id=14524, stack(0x0000000ef3000000,0x0000000ef3100000) (1024K)]
  0x000001c329094500 JavaThread "Finalizer"                  daemon [_thread_blocked, id=19128, stack(0x0000000ef3100000,0x0000000ef3200000) (1024K)]
  0x000001c329095e10 JavaThread "Signal Dispatcher"          daemon [_thread_blocked, id=19980, stack(0x0000000ef3200000,0x0000000ef3300000) (1024K)]
  0x000001c329096fb0 JavaThread "Attach Listener"            daemon [_thread_blocked, id=22780, stack(0x0000000ef3300000,0x0000000ef3400000) (1024K)]
  0x000001c329098d80 JavaThread "Service Thread"             daemon [_thread_blocked, id=13892, stack(0x0000000ef3400000,0x0000000ef3500000) (1024K)]
  0x000001c32909b7f0 JavaThread "Monitor Deflation Thread"   daemon [_thread_blocked, id=7324, stack(0x0000000ef3500000,0x0000000ef3600000) (1024K)]
=>0x000001c32909c630 JavaThread "C2 CompilerThread0"         daemon [_thread_in_native, id=5932, stack(0x0000000ef3600000,0x0000000ef3700000) (1024K)]
  0x000001c3290b8e80 JavaThread "C1 CompilerThread0"         daemon [_thread_blocked, id=5096, stack(0x0000000ef3700000,0x0000000ef3800000) (1024K)]
  0x000001c382595800 JavaThread "Common-Cleaner"             daemon [_thread_blocked, id=5636, stack(0x0000000ef3800000,0x0000000ef3900000) (1024K)]
  0x000001c38274d140 JavaThread "Notification Thread"        daemon [_thread_blocked, id=18168, stack(0x0000000ef3a00000,0x0000000ef3b00000) (1024K)]
  0x000001c3872a7780 JavaThread "Active Thread: Equinox Container: a4e022ab-df73-4bad-9acf-07b6ab7da9aa"        [_thread_blocked, id=20680, stack(0x0000000ef4100000,0x0000000ef4200000) (1024K)]
  0x000001c38777f9c0 JavaThread "Framework Event Dispatcher: Equinox Container: a4e022ab-df73-4bad-9acf-07b6ab7da9aa" daemon [_thread_blocked, id=18232, stack(0x0000000ef3900000,0x0000000ef3a00000) (1024K)]
  0x000001c387780840 JavaThread "Start Level: Equinox Container: a4e022ab-df73-4bad-9acf-07b6ab7da9aa" daemon [_thread_in_vm, id=17200, stack(0x0000000ef4200000,0x0000000ef4300000) (1024K)]
  0x000001c38755f230 JavaThread "SCR Component Actor"        daemon [_thread_blocked, id=15660, stack(0x0000000ef4400000,0x0000000ef4500000) (1024K)]
  0x000001c3877e2620 JavaThread "Worker-JM"                         [_thread_blocked, id=21080, stack(0x0000000ef4600000,0x0000000ef4700000) (1024K)]
  0x000001c387748450 JavaThread "Worker-0"                          [_thread_blocked, id=17536, stack(0x0000000ef4700000,0x0000000ef4800000) (1024K)]
  0x000001c387748ac0 JavaThread "Worker-1"                          [_thread_blocked, id=21220, stack(0x0000000ef4800000,0x0000000ef4900000) (1024K)]
  0x000001c388856570 JavaThread "C2 CompilerThread1"         daemon [_thread_in_native, id=10256, stack(0x0000000ef4500000,0x0000000ef4600000) (1024K)]
Total: 19

Other Threads:
  0x000001c3291e2b80 VMThread "VM Thread"                           [id=21900, stack(0x0000000ef2f00000,0x0000000ef3000000) (1024K)]
  0x000001c32918e1d0 WatcherThread "VM Periodic Task Thread"        [id=22688, stack(0x0000000ef2e00000,0x0000000ef2f00000) (1024K)]
  0x000001c329142220 WorkerThread "GC Thread#0"                     [id=22404, stack(0x0000000ef2d00000,0x0000000ef2e00000) (1024K)]
  0x000001c3873ce590 WorkerThread "GC Thread#1"                     [id=15084, stack(0x0000000ef3b00000,0x0000000ef3c00000) (1024K)]
  0x000001c3873d1af0 WorkerThread "GC Thread#2"                     [id=10260, stack(0x0000000ef3c00000,0x0000000ef3d00000) (1024K)]
  0x000001c382797500 WorkerThread "GC Thread#3"                     [id=15568, stack(0x0000000ef3d00000,0x0000000ef3e00000) (1024K)]
  0x000001c3827978b0 WorkerThread "GC Thread#4"                     [id=19844, stack(0x0000000ef3e00000,0x0000000ef3f00000) (1024K)]
  0x000001c382798060 WorkerThread "GC Thread#5"                     [id=10636, stack(0x0000000ef3f00000,0x0000000ef4000000) (1024K)]
  0x000001c3876c7c20 WorkerThread "GC Thread#6"                     [id=7800, stack(0x0000000ef4000000,0x0000000ef4100000) (1024K)]
  0x000001c3875e9c90 WorkerThread "GC Thread#7"                     [id=22428, stack(0x0000000ef4300000,0x0000000ef4400000) (1024K)]
Total: 10

Threads with active compile tasks:
C2 CompilerThread0  20644 2581       4       org.lombokweb.asm.ClassReader::readMethod (1070 bytes)
C2 CompilerThread1  20644 2597       4       org.lombokweb.asm.Type::getArgumentsAndReturnSizes (140 bytes)
Total: 2

VM state: not at safepoint (normal execution)

VM Mutex/Monitor currently owned by a thread: None

OutOfMemory and StackOverflow Exception counts:
OutOfMemoryError java_heap_errors=1
LinkageErrors=53

Heap address: 0x0000000080000000, size: 2048 MB, Compressed Oops mode: 32-bit

CDS archive(s) mapped at: [0x000001c340000000-0x000001c340ba0000-0x000001c340ba0000), size 12189696, SharedBaseAddress: 0x000001c340000000, ArchiveRelocationMode: 1.
Compressed class space mapped at: 0x000001c341000000-0x000001c381000000, reserved size: 1073741824
Narrow klass base: 0x000001c340000000, Narrow klass shift: 0, Narrow klass range: 0x100000000

GC Precious Log:
 CardTable entry size: 512
 CPUs: 8 total, 8 available
 Memory: 16162M
 Large Page Support: Disabled
 NUMA Support: Disabled
 Compressed Oops: Enabled (32-bit)
 Alignments: Space 512K, Generation 512K, Heap 2M
 Heap Min Capacity: 100M
 Heap Initial Capacity: 100M
 Heap Max Capacity: 2G
 Pre-touch: Disabled
 Parallel Workers: 8

Heap:
 PSYoungGen      total 29696K, used 7029K [0x00000000d5580000, 0x00000000d7680000, 0x0000000100000000)
  eden space 25600K, 11% used [0x00000000d5580000,0x00000000d585f850,0x00000000d6e80000)
  from space 4096K, 99% used [0x00000000d6e80000,0x00000000d727dcf0,0x00000000d7280000)
  to   space 4096K, 0% used [0x00000000d7280000,0x00000000d7280000,0x00000000d7680000)
 ParOldGen       total 68608K, used 6294K [0x0000000080000000, 0x0000000084300000, 0x00000000d5580000)
  object space 68608K, 9% used [0x0000000080000000,0x0000000080625b58,0x0000000084300000)
 Metaspace       used 20354K, committed 20928K, reserved 1114112K
  class space    used 1987K, committed 2240K, reserved 1048576K

Card table byte_map: [0x000001c328ad0000,0x000001c328ee0000] _byte_map_base: 0x000001c3286d0000

Marking Bits: (ParMarkBitMap*) 0x00007ff886c43450
 Begin Bits: [0x000001c33b5e0000, 0x000001c33d5e0000)
 End Bits:   [0x000001c33d5e0000, 0x000001c33f5e0000)

Polling page: 0x000001c326f80000

Metaspace:

Usage:
  Non-class:     17.94 MB used.
      Class:      1.94 MB used.
       Both:     19.88 MB used.

Virtual space:
  Non-class space:       64.00 MB reserved,      18.25 MB ( 29%) committed,  1 nodes.
      Class space:        1.00 GB reserved,       2.19 MB ( <1%) committed,  1 nodes.
             Both:        1.06 GB reserved,      20.44 MB (  2%) committed. 

Chunk freelists:
   Non-Class:  13.00 MB
       Class:  13.63 MB
        Both:  26.63 MB

MaxMetaspaceSize: unlimited
CompressedClassSpaceSize: 1.00 GB
Initial GC threshold: 21.00 MB
Current GC threshold: 21.00 MB
CDS: on
 - commit_granule_bytes: 65536.
 - commit_granule_words: 8192.
 - virtual_space_node_default_size: 8388608.
 - enlarge_chunks_in_place: 1.
 - use_allocation_guard: 0.


Internal statistics:

num_allocs_failed_limit: 0.
num_arena_births: 450.
num_arena_deaths: 0.
num_vsnodes_births: 2.
num_vsnodes_deaths: 0.
num_space_committed: 327.
num_space_uncommitted: 0.
num_chunks_returned_to_freelist: 0.
num_chunks_taken_from_freelist: 1181.
num_chunk_merges: 0.
num_chunk_splits: 780.
num_chunks_enlarged: 522.
num_inconsistent_stats: 0.

CodeHeap 'non-profiled nmethods': size=120000Kb used=1119Kb max_used=1119Kb free=118880Kb
 bounds [0x000001c333e00000, 0x000001c334070000, 0x000001c33b330000]
CodeHeap 'profiled nmethods': size=120000Kb used=5111Kb max_used=5111Kb free=114888Kb
 bounds [0x000001c32c330000, 0x000001c32c830000, 0x000001c333860000]
CodeHeap 'non-nmethods': size=5760Kb used=1299Kb max_used=1321Kb free=4460Kb
 bounds [0x000001c333860000, 0x000001c333ad0000, 0x000001c333e00000]
CodeCache: size=245760Kb, used=7529Kb, max_used=7551Kb, free=238228Kb
 total_blobs=3201, nmethods=2616, adapters=491, full_count=0
Compilation: enabled, stopped_count=0, restarted_count=0

Compilation events (20 events):
Event: 20.328 Thread 0x000001c3290b8e80 nmethod 2596 0x000001c32c821890 code [0x000001c32c821a20, 0x000001c32c821b28]
Event: 20.361 Thread 0x000001c3290b8e80 2599       2       jdk.internal.misc.Unsafe::allocateUninitializedArray (55 bytes)
Event: 20.361 Thread 0x000001c3290b8e80 nmethod 2599 0x000001c32c821b90 code [0x000001c32c821d80, 0x000001c32c8220f0]
Event: 20.449 Thread 0x000001c3290b8e80 2600       3       java.util.regex.Matcher::group (65 bytes)
Event: 20.450 Thread 0x000001c3290b8e80 nmethod 2600 0x000001c32c822290 code [0x000001c32c8224c0, 0x000001c32c822b30]
Event: 20.450 Thread 0x000001c3290b8e80 2601       3       java.util.regex.Matcher::checkGroup (41 bytes)
Event: 20.451 Thread 0x000001c3290b8e80 nmethod 2601 0x000001c32c822d90 code [0x000001c32c822fc0, 0x000001c32c823648]
Event: 20.552 Thread 0x000001c3290b8e80 2603       3       jdk.internal.misc.CDS::isDumpingArchive (4 bytes)
Event: 20.553 Thread 0x000001c3290b8e80 nmethod 2603 0x000001c32c823910 code [0x000001c32c823aa0, 0x000001c32c823b90]
Event: 20.556 Thread 0x000001c3290b8e80 2606       3       org.eclipse.core.internal.registry.ConfigurationElementHandle::getConfigurationElement (18 bytes)
Event: 20.557 Thread 0x000001c3290b8e80 nmethod 2606 0x000001c32c823c10 code [0x000001c32c823de0, 0x000001c32c824250]
Event: 20.568 Thread 0x000001c3290b8e80 2607       3       java.lang.reflect.Field::copy (80 bytes)
Event: 20.569 Thread 0x000001c3290b8e80 nmethod 2607 0x000001c32c824410 code [0x000001c32c8245e0, 0x000001c32c824920]
Event: 20.573 Thread 0x000001c3290b8e80 2609       3       java.lang.reflect.Field::checkAccess (32 bytes)
Event: 20.574 Thread 0x000001c3290b8e80 nmethod 2609 0x000001c32c824a10 code [0x000001c32c824be0, 0x000001c32c824e60]
Event: 20.574 Thread 0x000001c3290b8e80 2610       3       java.lang.reflect.Field::getFieldAccessor (18 bytes)
Event: 20.574 Thread 0x000001c388856570 2608       4       java.util.Properties$LineReader::readLine (584 bytes)
Event: 20.575 Thread 0x000001c3290b8e80 nmethod 2610 0x000001c32c824f90 code [0x000001c32c825140, 0x000001c32c8252c8]
Event: 20.575 Thread 0x000001c3290b8e80 2611       3       java.lang.invoke.DirectMethodHandle::checkCast (9 bytes)
Event: 20.575 Thread 0x000001c3290b8e80 nmethod 2611 0x000001c32c825390 code [0x000001c32c825540, 0x000001c32c8257e8]

GC Heap History (10 events):
Event: 1.605 GC heap before
{Heap before GC invocations=1 (full 0):
 PSYoungGen      total 29696K, used 25600K [0x00000000d5580000, 0x00000000d7680000, 0x0000000100000000)
  eden space 25600K, 100% used [0x00000000d5580000,0x00000000d6e80000,0x00000000d6e80000)
  from space 4096K, 0% used [0x00000000d7280000,0x00000000d7280000,0x00000000d7680000)
  to   space 4096K, 0% used [0x00000000d6e80000,0x00000000d6e80000,0x00000000d7280000)
 ParOldGen       total 68608K, used 0K [0x0000000080000000, 0x0000000084300000, 0x00000000d5580000)
  object space 68608K, 0% used [0x0000000080000000,0x0000000080000000,0x0000000084300000)
 Metaspace       used 4346K, committed 4608K, reserved 1114112K
  class space    used 474K, committed 576K, reserved 1048576K
}
Event: 1.614 GC heap after
{Heap after GC invocations=1 (full 0):
 PSYoungGen      total 29696K, used 3287K [0x00000000d5580000, 0x00000000d7680000, 0x0000000100000000)
  eden space 25600K, 0% used [0x00000000d5580000,0x00000000d5580000,0x00000000d6e80000)
  from space 4096K, 80% used [0x00000000d6e80000,0x00000000d71b5ea8,0x00000000d7280000)
  to   space 4096K, 0% used [0x00000000d7280000,0x00000000d7280000,0x00000000d7680000)
 ParOldGen       total 68608K, used 16K [0x0000000080000000, 0x0000000084300000, 0x00000000d5580000)
  object space 68608K, 0% used [0x0000000080000000,0x0000000080004000,0x0000000084300000)
 Metaspace       used 4346K, committed 4608K, reserved 1114112K
  class space    used 474K, committed 576K, reserved 1048576K
}
Event: 17.669 GC heap before
{Heap before GC invocations=2 (full 0):
 PSYoungGen      total 29696K, used 28887K [0x00000000d5580000, 0x00000000d7680000, 0x0000000100000000)
  eden space 25600K, 100% used [0x00000000d5580000,0x00000000d6e80000,0x00000000d6e80000)
  from space 4096K, 80% used [0x00000000d6e80000,0x00000000d71b5ea8,0x00000000d7280000)
  to   space 4096K, 0% used [0x00000000d7280000,0x00000000d7280000,0x00000000d7680000)
 ParOldGen       total 68608K, used 16K [0x0000000080000000, 0x0000000084300000, 0x00000000d5580000)
  object space 68608K, 0% used [0x0000000080000000,0x0000000080004000,0x0000000084300000)
 Metaspace       used 8131K, committed 8448K, reserved 1114112K
  class space    used 861K, committed 960K, reserved 1048576K
}
Event: 17.678 GC heap after
{Heap after GC invocations=2 (full 0):
 PSYoungGen      total 29696K, used 4075K [0x00000000d5580000, 0x00000000d7680000, 0x0000000100000000)
  eden space 25600K, 0% used [0x00000000d5580000,0x00000000d5580000,0x00000000d6e80000)
  from space 4096K, 99% used [0x00000000d7280000,0x00000000d767aff8,0x00000000d7680000)
  to   space 4096K, 0% used [0x00000000d6e80000,0x00000000d6e80000,0x00000000d7280000)
 ParOldGen       total 68608K, used 1137K [0x0000000080000000, 0x0000000084300000, 0x00000000d5580000)
  object space 68608K, 1% used [0x0000000080000000,0x000000008011c6a8,0x0000000084300000)
 Metaspace       used 8131K, committed 8448K, reserved 1114112K
  class space    used 861K, committed 960K, reserved 1048576K
}
Event: 19.008 GC heap before
{Heap before GC invocations=3 (full 0):
 PSYoungGen      total 29696K, used 29675K [0x00000000d5580000, 0x00000000d7680000, 0x0000000100000000)
  eden space 25600K, 100% used [0x00000000d5580000,0x00000000d6e80000,0x00000000d6e80000)
  from space 4096K, 99% used [0x00000000d7280000,0x00000000d767aff8,0x00000000d7680000)
  to   space 4096K, 0% used [0x00000000d6e80000,0x00000000d6e80000,0x00000000d7280000)
 ParOldGen       total 68608K, used 1137K [0x0000000080000000, 0x0000000084300000, 0x00000000d5580000)
  object space 68608K, 1% used [0x0000000080000000,0x000000008011c6a8,0x0000000084300000)
 Metaspace       used 12987K, committed 13504K, reserved 1114112K
  class space    used 1371K, committed 1600K, reserved 1048576K
}
Event: 19.014 GC heap after
{Heap after GC invocations=3 (full 0):
 PSYoungGen      total 29696K, used 4080K [0x00000000d5580000, 0x00000000d7680000, 0x0000000100000000)
  eden space 25600K, 0% used [0x00000000d5580000,0x00000000d5580000,0x00000000d6e80000)
  from space 4096K, 99% used [0x00000000d6e80000,0x00000000d727c1b0,0x00000000d7280000)
  to   space 4096K, 0% used [0x00000000d7280000,0x00000000d7280000,0x00000000d7680000)
 ParOldGen       total 68608K, used 2895K [0x0000000080000000, 0x0000000084300000, 0x00000000d5580000)
  object space 68608K, 4% used [0x0000000080000000,0x00000000802d3c68,0x0000000084300000)
 Metaspace       used 12987K, committed 13504K, reserved 1114112K
  class space    used 1371K, committed 1600K, reserved 1048576K
}
Event: 19.826 GC heap before
{Heap before GC invocations=4 (full 0):
 PSYoungGen      total 29696K, used 29450K [0x00000000d5580000, 0x00000000d7680000, 0x0000000100000000)
  eden space 25600K, 99% used [0x00000000d5580000,0x00000000d6e46810,0x00000000d6e80000)
  from space 4096K, 99% used [0x00000000d6e80000,0x00000000d727c1b0,0x00000000d7280000)
  to   space 4096K, 0% used [0x00000000d7280000,0x00000000d7280000,0x00000000d7680000)
 ParOldGen       total 68608K, used 2895K [0x0000000080000000, 0x0000000084300000, 0x00000000d5580000)
  object space 68608K, 4% used [0x0000000080000000,0x00000000802d3c68,0x0000000084300000)
 Metaspace       used 16050K, committed 16704K, reserved 1114112K
  class space    used 1676K, committed 1984K, reserved 1048576K
}
Event: 19.835 GC heap after
{Heap after GC invocations=4 (full 0):
 PSYoungGen      total 29696K, used 4083K [0x00000000d5580000, 0x00000000d7680000, 0x0000000100000000)
  eden space 25600K, 0% used [0x00000000d5580000,0x00000000d5580000,0x00000000d6e80000)
  from space 4096K, 99% used [0x00000000d7280000,0x00000000d767cd10,0x00000000d7680000)
  to   space 4096K, 0% used [0x00000000d6e80000,0x00000000d6e80000,0x00000000d7280000)
 ParOldGen       total 68608K, used 6070K [0x0000000080000000, 0x0000000084300000, 0x00000000d5580000)
  object space 68608K, 8% used [0x0000000080000000,0x00000000805edb48,0x0000000084300000)
 Metaspace       used 16050K, committed 16704K, reserved 1114112K
  class space    used 1676K, committed 1984K, reserved 1048576K
}
Event: 20.468 GC heap before
{Heap before GC invocations=5 (full 0):
 PSYoungGen      total 29696K, used 29677K [0x00000000d5580000, 0x00000000d7680000, 0x0000000100000000)
  eden space 25600K, 99% used [0x00000000d5580000,0x00000000d6e7e768,0x00000000d6e80000)
  from space 4096K, 99% used [0x00000000d7280000,0x00000000d767cd10,0x00000000d7680000)
  to   space 4096K, 0% used [0x00000000d6e80000,0x00000000d6e80000,0x00000000d7280000)
 ParOldGen       total 68608K, used 6070K [0x0000000080000000, 0x0000000084300000, 0x00000000d5580000)
  object space 68608K, 8% used [0x0000000080000000,0x00000000805edb48,0x0000000084300000)
 Metaspace       used 20108K, committed 20736K, reserved 1114112K
  class space    used 1970K, committed 2240K, reserved 1048576K
}
Event: 20.475 GC heap after
{Heap after GC invocations=5 (full 0):
 PSYoungGen      total 29696K, used 4087K [0x00000000d5580000, 0x00000000d7680000, 0x0000000100000000)
  eden space 25600K, 0% used [0x00000000d5580000,0x00000000d5580000,0x00000000d6e80000)
  from space 4096K, 99% used [0x00000000d6e80000,0x00000000d727dcf0,0x00000000d7280000)
  to   space 4096K, 0% used [0x00000000d7280000,0x00000000d7280000,0x00000000d7680000)
 ParOldGen       total 68608K, used 6294K [0x0000000080000000, 0x0000000084300000, 0x00000000d5580000)
  object space 68608K, 9% used [0x0000000080000000,0x0000000080625b58,0x0000000084300000)
 Metaspace       used 20108K, committed 20736K, reserved 1114112K
  class space    used 1970K, committed 2240K, reserved 1048576K
}

Dll operation events (11 events):
Event: 0.150 Loaded shared library c:\Users\Ghani\.vscode\extensions\redhat.java-1.53.0-win32-x64\jre\21.0.10-win32-x86_64\bin\java.dll
Event: 0.279 Loaded shared library c:\Users\Ghani\.vscode\extensions\redhat.java-1.53.0-win32-x64\jre\21.0.10-win32-x86_64\bin\zip.dll
Event: 0.325 Loaded shared library C:\Users\Ghani\.vscode\extensions\redhat.java-1.53.0-win32-x64\jre\21.0.10-win32-x86_64\bin\instrument.dll
Event: 0.334 Loaded shared library C:\Users\Ghani\.vscode\extensions\redhat.java-1.53.0-win32-x64\jre\21.0.10-win32-x86_64\bin\net.dll
Event: 0.338 Loaded shared library C:\Users\Ghani\.vscode\extensions\redhat.java-1.53.0-win32-x64\jre\21.0.10-win32-x86_64\bin\nio.dll
Event: 0.345 Loaded shared library C:\Users\Ghani\.vscode\extensions\redhat.java-1.53.0-win32-x64\jre\21.0.10-win32-x86_64\bin\zip.dll
Event: 0.375 Loaded shared library C:\Users\Ghani\.vscode\extensions\redhat.java-1.53.0-win32-x64\jre\21.0.10-win32-x86_64\bin\jimage.dll
Event: 0.590 Loaded shared library c:\Users\Ghani\.vscode\extensions\redhat.java-1.53.0-win32-x64\jre\21.0.10-win32-x86_64\bin\verify.dll
Event: 17.891 Loaded shared library C:\Users\Ghani\AppData\Roaming\Code\User\globalStorage\redhat.java\1.53.0\config_ss_win\org.eclipse.equinox.launcher\org.eclipse.equinox.launcher.win32.win32.x86_64_1.3.0.v20260203-2149\eclipse_11919.dll
Event: 19.179 Loaded shared library C:\Users\Ghani\.vscode\extensions\redhat.java-1.53.0-win32-x64\jre\21.0.10-win32-x86_64\bin\management.dll
Event: 19.185 Loaded shared library C:\Users\Ghani\.vscode\extensions\redhat.java-1.53.0-win32-x64\jre\21.0.10-win32-x86_64\bin\management_ext.dll

Deoptimization events (20 events):
Event: 20.087 Thread 0x000001c387780840 DEOPT PACKING pc=0x000001c333f10e5c sp=0x0000000ef42f4ce0
Event: 20.087 Thread 0x000001c387780840 DEOPT UNPACKING pc=0x000001c3338b3aa2 sp=0x0000000ef42f4c58 mode 2
Event: 20.089 Thread 0x000001c387780840 Uncommon trap: trap_request=0xffffffde fr.pc=0x000001c333f10e5c relative=0x000000000000013c
Event: 20.089 Thread 0x000001c387780840 Uncommon trap: reason=class_check action=maybe_recompile pc=0x000001c333f10e5c method=jdk.internal.misc.Unsafe.allocateUninitializedArray(Ljava/lang/Class;I)Ljava/lang/Object; @ 51 c2
Event: 20.089 Thread 0x000001c387780840 DEOPT PACKING pc=0x000001c333f10e5c sp=0x0000000ef42f4c10
Event: 20.089 Thread 0x000001c387780840 DEOPT UNPACKING pc=0x000001c3338b3aa2 sp=0x0000000ef42f4b88 mode 2
Event: 20.187 Thread 0x000001c387780840 Uncommon trap: trap_request=0xffffff6e fr.pc=0x000001c333f0e5d8 relative=0x0000000000000a58
Event: 20.187 Thread 0x000001c387780840 Uncommon trap: reason=loop_limit_check action=maybe_recompile pc=0x000001c333f0e5d8 method=java.util.regex.Pattern$StartS.match(Ljava/util/regex/Matcher;ILjava/lang/CharSequence;)Z @ 34 c2
Event: 20.187 Thread 0x000001c387780840 DEOPT PACKING pc=0x000001c333f0e5d8 sp=0x0000000ef42f2cd0
Event: 20.188 Thread 0x000001c387780840 DEOPT UNPACKING pc=0x000001c3338b3aa2 sp=0x0000000ef42f2c20 mode 2
Event: 20.247 Thread 0x000001c387780840 Uncommon trap: trap_request=0xffffff45 fr.pc=0x000001c333f12784 relative=0x0000000000000164
Event: 20.247 Thread 0x000001c387780840 Uncommon trap: reason=unstable_if action=reinterpret pc=0x000001c333f12784 method=org.lombokweb.asm.ByteVector.putByteArray([BII)Lorg/lombokweb/asm/ByteVector; @ 20 c2
Event: 20.247 Thread 0x000001c387780840 DEOPT PACKING pc=0x000001c333f12784 sp=0x0000000ef42f2ca0
Event: 20.247 Thread 0x000001c387780840 DEOPT UNPACKING pc=0x000001c3338b3aa2 sp=0x0000000ef42f2c70 mode 2
Event: 20.247 Thread 0x000001c387780840 Uncommon trap: trap_request=0xffffff45 fr.pc=0x000001c333f11dd0 relative=0x0000000000000390
Event: 20.247 Thread 0x000001c387780840 Uncommon trap: reason=unstable_if action=reinterpret pc=0x000001c333f11dd0 method=org.lombokweb.asm.Label.resolve([BLorg/lombokweb/asm/ByteVector;I)Z @ 81 c2
Event: 20.247 Thread 0x000001c387780840 DEOPT PACKING pc=0x000001c333f11dd0 sp=0x0000000ef42f2d30
Event: 20.247 Thread 0x000001c387780840 DEOPT UNPACKING pc=0x000001c3338b3aa2 sp=0x0000000ef42f2c38 mode 2
Event: 20.571 Thread 0x000001c387780840 DEOPT PACKING pc=0x000001c32c468ea6 sp=0x0000000ef42f9660
Event: 20.572 Thread 0x000001c387780840 DEOPT UNPACKING pc=0x000001c3338b4242 sp=0x0000000ef42f8b58 mode 0

Classes loaded (20 events):
Event: 19.641 Loading class java/util/zip/GZIPInputStream
Event: 19.641 Loading class java/util/zip/GZIPInputStream done
Event: 19.644 Loading class java/io/StringReader
Event: 19.644 Loading class java/io/StringReader done
Event: 19.701 Loading class java/net/SocketTimeoutException
Event: 19.701 Loading class java/io/InterruptedIOException
Event: 19.701 Loading class java/io/InterruptedIOException done
Event: 19.701 Loading class java/net/SocketTimeoutException done
Event: 19.701 Loading class java/net/SocketException
Event: 19.701 Loading class java/net/SocketException done
Event: 19.701 Loading class java/net/UnknownHostException
Event: 19.701 Loading class java/net/UnknownHostException done
Event: 19.701 Loading class java/net/ProtocolException
Event: 19.702 Loading class java/net/ProtocolException done
Event: 19.734 Loading class java/lang/ThreadLocal$SuppliedThreadLocal
Event: 19.734 Loading class java/lang/ThreadLocal$SuppliedThreadLocal done
Event: 19.750 Loading class java/lang/NegativeArraySizeException
Event: 19.750 Loading class java/lang/NegativeArraySizeException done
Event: 19.751 Loading class java/io/FileWriter
Event: 19.751 Loading class java/io/FileWriter done

Classes unloaded (0 events):
No events

Classes redefined (0 events):
No events

Internal exceptions (20 events):
Event: 19.454 Thread 0x000001c387780840 Exception <a 'java/lang/NoSuchMethodError'{0x00000000d5e58450}: 'java.lang.Object java.lang.invoke.Invokers$Holder.linkToTargetMethod(java.lang.Object, java.lang.Object, long, java.lang.Object)'> (0x00000000d5e58450) 
thrown [s\src\hotspot\share\interpreter\linkResolver.cpp, line 773]
Event: 19.515 Thread 0x000001c387780840 Exception <a 'java/lang/IncompatibleClassChangeError'{0x00000000d5f5e208}: Found class java.lang.Object, but interface was expected> (0x00000000d5f5e208) 
thrown [s\src\hotspot\share\interpreter\linkResolver.cpp, line 840]
Event: 19.516 Thread 0x000001c387780840 Exception <a 'java/lang/NoSuchMethodError'{0x00000000d5f61e30}: 'java.lang.Object java.lang.invoke.DirectMethodHandle$Holder.invokeSpecial(java.lang.Object, java.lang.Object, java.lang.Object, int, java.lang.Object, java.lang.Object)'> (0x00000000d5f61e30) 
thrown [s\src\hotspot\share\interpreter\linkResolver.cpp, line 773]
Event: 19.517 Thread 0x000001c387780840 Exception <a 'java/lang/NoSuchMethodError'{0x00000000d5f69908}: 'java.lang.Object java.lang.invoke.DirectMethodHandle$Holder.newInvokeSpecial(java.lang.Object, java.lang.Object, java.lang.Object, int, java.lang.Object)'> (0x00000000d5f69908) 
thrown [s\src\hotspot\share\interpreter\linkResolver.cpp, line 773]
Event: 19.518 Thread 0x000001c387780840 Exception <a 'java/lang/NoSuchMethodError'{0x00000000d5f6d888}: 'java.lang.Object java.lang.invoke.DirectMethodHandle$Holder.invokeSpecial(java.lang.Object, java.lang.Object, java.lang.Object, java.lang.Object, int, java.lang.Object)'> (0x00000000d5f6d888) 
thrown [s\src\hotspot\share\interpreter\linkResolver.cpp, line 773]
Event: 19.519 Thread 0x000001c387780840 Exception <a 'java/lang/NoSuchMethodError'{0x00000000d5f713c8}: 'java.lang.Object java.lang.invoke.Invokers$Holder.linkToTargetMethod(java.lang.Object, java.lang.Object, int, java.lang.Object, java.lang.Object)'> (0x00000000d5f713c8) 
thrown [s\src\hotspot\share\interpreter\linkResolver.cpp, line 773]
Event: 19.520 Thread 0x000001c387748450 Exception <a 'java/lang/NoSuchMethodError'{0x00000000d5ecbd90}: 'java.lang.Object java.lang.invoke.DirectMethodHandle$Holder.invokeSpecial(java.lang.Object, java.lang.Object, int, java.lang.Object, java.lang.Object)'> (0x00000000d5ecbd90) 
thrown [s\src\hotspot\share\interpreter\linkResolver.cpp, line 773]
Event: 19.522 Thread 0x000001c387748450 Exception <a 'java/lang/NoSuchMethodError'{0x00000000d5ed2ac8}: 'java.lang.Object java.lang.invoke.DirectMethodHandle$Holder.newInvokeSpecial(java.lang.Object, java.lang.Object, int, java.lang.Object)'> (0x00000000d5ed2ac8) 
thrown [s\src\hotspot\share\interpreter\linkResolver.cpp, line 773]
Event: 19.523 Thread 0x000001c387748450 Exception <a 'java/lang/NoSuchMethodError'{0x00000000d5ed63a8}: 'java.lang.Object java.lang.invoke.DirectMethodHandle$Holder.invokeSpecial(java.lang.Object, java.lang.Object, java.lang.Object, int, java.lang.Object)'> (0x00000000d5ed63a8) 
thrown [s\src\hotspot\share\interpreter\linkResolver.cpp, line 773]
Event: 19.553 Thread 0x000001c387780840 Exception <a 'java/lang/NoSuchMethodError'{0x00000000d60bcf10}: 'void java.lang.invoke.DirectMethodHandle$Holder.invokeSpecial(java.lang.Object, java.lang.Object, java.lang.Object, java.lang.Object, java.lang.Object)'> (0x00000000d60bcf10) 
thrown [s\src\hotspot\share\interpreter\linkResolver.cpp, line 773]
Event: 19.608 Thread 0x000001c387780840 Exception <a 'java/lang/NoSuchMethodError'{0x00000000d62c7720}: 'double java.lang.invoke.DirectMethodHandle$Holder.invokeStatic(java.lang.Object, java.lang.Object)'> (0x00000000d62c7720) 
thrown [s\src\hotspot\share\interpreter\linkResolver.cpp, line 773]
Event: 19.609 Thread 0x000001c387780840 Exception <a 'java/lang/NoSuchMethodError'{0x00000000d62cade0}: 'double java.lang.invoke.DirectMethodHandle$Holder.invokeStaticInit(java.lang.Object, java.lang.Object)'> (0x00000000d62cade0) 
thrown [s\src\hotspot\share\interpreter\linkResolver.cpp, line 773]
Event: 19.890 Thread 0x000001c387780840 Exception <a 'java/io/FileNotFoundException'{0x00000000d5a17090}> (0x00000000d5a17090) 
thrown [s\src\hotspot\share\prims\jni.cpp, line 520]
Event: 19.891 Thread 0x000001c387780840 Exception <a 'java/io/FileNotFoundException'{0x00000000d5a17ec0}> (0x00000000d5a17ec0) 
thrown [s\src\hotspot\share\prims\jni.cpp, line 520]
Event: 19.891 Thread 0x000001c387780840 Exception <a 'java/io/FileNotFoundException'{0x00000000d5a18df0}> (0x00000000d5a18df0) 
thrown [s\src\hotspot\share\prims\jni.cpp, line 520]
Event: 20.150 Thread 0x000001c387780840 Exception <a 'java/lang/NoSuchMethodError'{0x00000000d6373f68}: 'int java.lang.invoke.DirectMethodHandle$Holder.invokeStaticInit(java.lang.Object, java.lang.Object, java.lang.Object)'> (0x00000000d6373f68) 
thrown [s\src\hotspot\share\interpreter\linkResolver.cpp, line 773]
Event: 20.247 Thread 0x000001c387780840 Implicit null exception at 0x000001c333f12675 to 0x000001c333f12768
Event: 20.551 Thread 0x000001c387780840 Exception <a 'java/io/FileNotFoundException'{0x00000000d5630b10}> (0x00000000d5630b10) 
thrown [s\src\hotspot\share\prims\jni.cpp, line 520]
Event: 20.553 Thread 0x000001c387780840 Exception <a 'java/lang/NoSuchMethodError'{0x00000000d5638388}: 'java.lang.Object java.lang.invoke.DirectMethodHandle$Holder.newInvokeSpecial(java.lang.Object, int, java.lang.Object, java.lang.Object)'> (0x00000000d5638388) 
thrown [s\src\hotspot\share\interpreter\linkResolver.cpp, line 773]
Event: 20.566 Thread 0x000001c387780840 Exception <a 'java/lang/OutOfMemoryError'{0x00000000d580cda8}> (0x00000000d580cda8) 
thrown [s\src\hotspot\share\prims\jni.cpp, line 539]

ZGC Phase Switch (0 events):
No events

VM Operations (20 events):
Event: 17.669 Executing safepoint VM operation: ParallelGCFailedAllocation (Allocation Failure)
Event: 17.678 Executing safepoint VM operation: ParallelGCFailedAllocation (Allocation Failure) done
Event: 18.058 Executing non-safepoint VM operation: HandshakeAllThreads (Deoptimize)
Event: 18.058 Executing non-safepoint VM operation: HandshakeAllThreads (Deoptimize) done
Event: 18.692 Executing non-safepoint VM operation: HandshakeAllThreads (Deoptimize)
Event: 18.692 Executing non-safepoint VM operation: HandshakeAllThreads (Deoptimize) done
Event: 18.692 Executing safepoint VM operation: Cleanup
Event: 18.692 Executing safepoint VM operation: Cleanup done
Event: 19.008 Executing safepoint VM operation: ParallelGCFailedAllocation (Allocation Failure)
Event: 19.014 Executing safepoint VM operation: ParallelGCFailedAllocation (Allocation Failure) done
Event: 19.286 Executing non-safepoint VM operation: HandshakeAllThreads (Deoptimize)
Event: 19.286 Executing non-safepoint VM operation: HandshakeAllThreads (Deoptimize) done
Event: 19.300 Executing non-safepoint VM operation: HandshakeAllThreads (Deoptimize)
Event: 19.300 Executing non-safepoint VM operation: HandshakeAllThreads (Deoptimize) done
Event: 19.325 Executing non-safepoint VM operation: HandshakeAllThreads (Deoptimize)
Event: 19.325 Executing non-safepoint VM operation: HandshakeAllThreads (Deoptimize) done
Event: 19.826 Executing safepoint VM operation: ParallelGCFailedAllocation (Allocation Failure)
Event: 19.835 Executing safepoint VM operation: ParallelGCFailedAllocation (Allocation Failure) done
Event: 20.468 Executing safepoint VM operation: ParallelGCFailedAllocation (Allocation Failure)
Event: 20.476 Executing safepoint VM operation: ParallelGCFailedAllocation (Allocation Failure) done

Memory protections (0 events):
No events

Nmethod flushes (0 events):
No events

Events (20 events):
Event: 1.373 Thread 0x000001c387037590 Thread exited: 0x000001c387037590
Event: 1.824 Thread 0x000001c3826b0d60 Thread exited: 0x000001c3826b0d60
Event: 1.927 Thread 0x000001c3290b8e80 Thread added: 0x000001c38760fa00
Event: 1.932 Thread 0x000001c3290b8e80 Thread added: 0x000001c3876100b0
Event: 2.122 Thread 0x000001c3876100b0 Thread exited: 0x000001c3876100b0
Event: 2.393 Thread 0x000001c3291226c0 Thread added: 0x000001c3872a7780
Event: 2.769 Thread 0x000001c38760fa00 Thread exited: 0x000001c38760fa00
Event: 17.595 Thread 0x000001c3291226c0 Thread added: 0x000001c38777f9c0
Event: 17.608 Thread 0x000001c3291226c0 Thread added: 0x000001c387780840
Event: 18.031 Thread 0x000001c387780840 Thread added: 0x000001c38755f230
Event: 18.333 Thread 0x000001c3290b8e80 Thread added: 0x000001c387049420
Event: 18.333 Thread 0x000001c3290b8e80 Thread added: 0x000001c3872ead60
Event: 18.490 Thread 0x000001c3872ead60 Thread exited: 0x000001c3872ead60
Event: 18.747 Thread 0x000001c387780840 Thread added: 0x000001c3877e2620
Event: 19.142 Thread 0x000001c387049420 Thread exited: 0x000001c387049420
Event: 19.311 Thread 0x000001c3290b8e80 Thread added: 0x000001c387049420
Event: 19.465 Thread 0x000001c387780840 Thread added: 0x000001c387748450
Event: 19.521 Thread 0x000001c387780840 Thread added: 0x000001c387748ac0
Event: 19.945 Thread 0x000001c387049420 Thread exited: 0x000001c387049420
Event: 20.574 Thread 0x000001c3290b8e80 Thread added: 0x000001c388856570


Dynamic libraries:
0x00007ff60d940000 - 0x00007ff60d94e000 	c:\Users\Ghani\.vscode\extensions\redhat.java-1.53.0-win32-x64\jre\21.0.10-win32-x86_64\bin\java.exe
0x00007ff914cf0000 - 0x00007ff914ee8000 	C:\Windows\SYSTEM32\ntdll.dll
0x00007ff9134a0000 - 0x00007ff913562000 	C:\Windows\System32\KERNEL32.DLL
0x00007ff9127d0000 - 0x00007ff912ac7000 	C:\Windows\System32\KERNELBASE.dll
0x00007ff912ad0000 - 0x00007ff912bd0000 	C:\Windows\System32\ucrtbase.dll
0x00007ff906fc0000 - 0x00007ff906fd8000 	c:\Users\Ghani\.vscode\extensions\redhat.java-1.53.0-win32-x64\jre\21.0.10-win32-x86_64\bin\jli.dll
0x00007ff912d00000 - 0x00007ff912e9d000 	C:\Windows\System32\USER32.dll
0x00007ff912680000 - 0x00007ff9126a2000 	C:\Windows\System32\win32u.dll
0x00007ff9132e0000 - 0x00007ff91330b000 	C:\Windows\System32\GDI32.dll
0x00007ff9126b0000 - 0x00007ff9127ca000 	C:\Windows\System32\gdi32full.dll
0x00007ff912450000 - 0x00007ff9124ed000 	C:\Windows\System32\msvcp_win.dll
0x00007ff906b90000 - 0x00007ff906bae000 	c:\Users\Ghani\.vscode\extensions\redhat.java-1.53.0-win32-x64\jre\21.0.10-win32-x86_64\bin\VCRUNTIME140.dll
0x00007ff8f8250000 - 0x00007ff8f84eb000 	C:\Windows\WinSxS\amd64_microsoft.windows.common-controls_6595b64144ccf1df_6.0.19041.6926_none_60b5a53971f8f7e6\COMCTL32.dll
0x00007ff912ea0000 - 0x00007ff912f3e000 	C:\Windows\System32\msvcrt.dll
0x00007ff914a60000 - 0x00007ff914a8f000 	C:\Windows\System32\IMM32.DLL
0x00007ff8ea3d0000 - 0x00007ff8ea3dc000 	c:\Users\Ghani\.vscode\extensions\redhat.java-1.53.0-win32-x64\jre\21.0.10-win32-x86_64\bin\vcruntime140_1.dll
0x00007ff8ea340000 - 0x00007ff8ea3cd000 	c:\Users\Ghani\.vscode\extensions\redhat.java-1.53.0-win32-x64\jre\21.0.10-win32-x86_64\bin\msvcp140.dll
0x00007ff885f80000 - 0x00007ff886d21000 	c:\Users\Ghani\.vscode\extensions\redhat.java-1.53.0-win32-x64\jre\21.0.10-win32-x86_64\bin\server\jvm.dll
0x00007ff913d70000 - 0x00007ff913e21000 	C:\Windows\System32\ADVAPI32.dll
0x00007ff912f50000 - 0x00007ff912fef000 	C:\Windows\System32\sechost.dll
0x00007ff913700000 - 0x00007ff913826000 	C:\Windows\System32\RPCRT4.dll
0x00007ff912650000 - 0x00007ff912677000 	C:\Windows\System32\bcrypt.dll
0x00007ff913d00000 - 0x00007ff913d6b000 	C:\Windows\System32\WS2_32.dll
0x00007ff911df0000 - 0x00007ff911e3b000 	C:\Windows\SYSTEM32\POWRPROF.dll
0x00007ff8f85a0000 - 0x00007ff8f85c7000 	C:\Windows\SYSTEM32\WINMM.dll
0x00007ff906e50000 - 0x00007ff906e5a000 	C:\Windows\SYSTEM32\VERSION.dll
0x00007ff911dd0000 - 0x00007ff911de2000 	C:\Windows\SYSTEM32\UMPDC.dll
0x00007ff910390000 - 0x00007ff9103a2000 	C:\Windows\SYSTEM32\kernel.appcore.dll
0x00007ff8ea330000 - 0x00007ff8ea33a000 	c:\Users\Ghani\.vscode\extensions\redhat.java-1.53.0-win32-x64\jre\21.0.10-win32-x86_64\bin\jimage.dll
0x00007ff910050000 - 0x00007ff910251000 	C:\Windows\SYSTEM32\DBGHELP.DLL
0x00007ff8eabb0000 - 0x00007ff8eabe4000 	C:\Windows\SYSTEM32\dbgcore.DLL
0x00007ff9123c0000 - 0x00007ff912442000 	C:\Windows\System32\bcryptPrimitives.dll
0x00007ff8f58e0000 - 0x00007ff8f58ef000 	c:\Users\Ghani\.vscode\extensions\redhat.java-1.53.0-win32-x64\jre\21.0.10-win32-x86_64\bin\instrument.dll
0x00007ff8ead40000 - 0x00007ff8ead60000 	c:\Users\Ghani\.vscode\extensions\redhat.java-1.53.0-win32-x64\jre\21.0.10-win32-x86_64\bin\java.dll
0x00007ff913e30000 - 0x00007ff9145a1000 	C:\Windows\System32\SHELL32.dll
0x00007ff9103b0000 - 0x00007ff910b56000 	C:\Windows\SYSTEM32\windows.storage.dll
0x00007ff9145b0000 - 0x00007ff914903000 	C:\Windows\System32\combase.dll
0x00007ff911bf0000 - 0x00007ff911c1b000 	C:\Windows\SYSTEM32\Wldp.dll
0x00007ff914910000 - 0x00007ff9149dd000 	C:\Windows\System32\OLEAUT32.dll
0x00007ff914a90000 - 0x00007ff914b3d000 	C:\Windows\System32\SHCORE.dll
0x00007ff9135d0000 - 0x00007ff91362b000 	C:\Windows\System32\shlwapi.dll
0x00007ff9122a0000 - 0x00007ff9122c4000 	C:\Windows\SYSTEM32\profapi.dll
0x00007ff8ea6e0000 - 0x00007ff8ea6f8000 	c:\Users\Ghani\.vscode\extensions\redhat.java-1.53.0-win32-x64\jre\21.0.10-win32-x86_64\bin\zip.dll
0x00007ff8ead30000 - 0x00007ff8ead40000 	C:\Users\Ghani\.vscode\extensions\redhat.java-1.53.0-win32-x64\jre\21.0.10-win32-x86_64\bin\net.dll
0x00007ff90e750000 - 0x00007ff90e85a000 	C:\Windows\SYSTEM32\WINHTTP.dll
0x00007ff9119a0000 - 0x00007ff911a0a000 	C:\Windows\system32\mswsock.dll
0x00007ff8ea6c0000 - 0x00007ff8ea6d6000 	C:\Users\Ghani\.vscode\extensions\redhat.java-1.53.0-win32-x64\jre\21.0.10-win32-x86_64\bin\nio.dll
0x00007ff8ea550000 - 0x00007ff8ea560000 	c:\Users\Ghani\.vscode\extensions\redhat.java-1.53.0-win32-x64\jre\21.0.10-win32-x86_64\bin\verify.dll
0x00007ff8fc390000 - 0x00007ff8fc3d5000 	C:\Users\Ghani\AppData\Roaming\Code\User\globalStorage\redhat.java\1.53.0\config_ss_win\org.eclipse.equinox.launcher\org.eclipse.equinox.launcher.win32.win32.x86_64_1.3.0.v20260203-2149\eclipse_11919.dll
0x00007ff913310000 - 0x00007ff91343b000 	C:\Windows\System32\ole32.dll
0x00007ff8ea500000 - 0x00007ff8ea50a000 	C:\Users\Ghani\.vscode\extensions\redhat.java-1.53.0-win32-x64\jre\21.0.10-win32-x86_64\bin\management.dll
0x00007ff8ea4f0000 - 0x00007ff8ea4fc000 	C:\Users\Ghani\.vscode\extensions\redhat.java-1.53.0-win32-x64\jre\21.0.10-win32-x86_64\bin\management_ext.dll
0x00007ff912ff0000 - 0x00007ff912ff8000 	C:\Windows\System32\PSAPI.DLL

JVMTI agents:
c:\Users\Ghani\.vscode\extensions\redhat.java-1.53.0-win32-x64\lombok\lombok-1.18.39-4050.jar path:c:\Users\Ghani\.vscode\extensions\redhat.java-1.53.0-win32-x64\jre\21.0.10-win32-x86_64\bin\instrument.dll, loaded, initialized, instrumentlib options:none

dbghelp: loaded successfully - version: 4.0.5 - missing functions: none
symbol engine: initialized successfully - sym options: 0x614 - pdb path: .;c:\Users\Ghani\.vscode\extensions\redhat.java-1.53.0-win32-x64\jre\21.0.10-win32-x86_64\bin;C:\Windows\SYSTEM32;C:\Windows\WinSxS\amd64_microsoft.windows.common-controls_6595b64144ccf1df_6.0.19041.6926_none_60b5a53971f8f7e6;c:\Users\Ghani\.vscode\extensions\redhat.java-1.53.0-win32-x64\jre\21.0.10-win32-x86_64\bin\server;C:\Users\Ghani\AppData\Roaming\Code\User\globalStorage\redhat.java\1.53.0\config_ss_win\org.eclipse.equinox.launcher\org.eclipse.equinox.launcher.win32.win32.x86_64_1.3.0.v20260203-2149

VM Arguments:
jvm_args: --add-modules=ALL-SYSTEM --add-opens=java.base/java.util=ALL-UNNAMED --add-opens=java.base/java.lang=ALL-UNNAMED --add-opens=java.base/sun.nio.fs=ALL-UNNAMED -Declipse.application=org.eclipse.jdt.ls.core.id1 -Dosgi.bundles.defaultStartLevel=4 -Declipse.product=org.eclipse.jdt.ls.core.product -Djava.import.generatesMetadataFilesAtProjectRoot=false -DDetectVMInstallationsJob.disabled=true -Dfile.encoding=utf8 -XX:+UseParallelGC -XX:GCTimeRatio=4 -XX:AdaptiveSizePolicyWeight=90 -Dsun.zip.disableMemoryMapping=true -Xmx2G -Xms100m -Xlog:disable -javaagent:c:\Users\Ghani\.vscode\extensions\redhat.java-1.53.0-win32-x64\lombok\lombok-1.18.39-4050.jar 
java_command: c:\Users\Ghani\.vscode\extensions\redhat.java-1.53.0-win32-x64\server\plugins\org.eclipse.equinox.launcher_1.7.100.v20251111-0406.jar -configuration c:\Users\Ghani\AppData\Roaming\Code\User\globalStorage\redhat.java\1.53.0\config_ss_win -data c:\Users\Ghani\AppData\Roaming\Code\User\workspaceStorage\fb3df97a9f176c259a1fbb3e8f6b0e32\redhat.java\ss_ws --pipe=\\.\pipe\lsp-b87c3e5ddb35ad142683e7dc6735b4c3-sock
java_class_path (initial): c:\Users\Ghani\.vscode\extensions\redhat.java-1.53.0-win32-x64\server\plugins\org.eclipse.equinox.launcher_1.7.100.v20251111-0406.jar
Launcher Type: SUN_STANDARD

[Global flags]
    uintx AdaptiveSizePolicyWeight                 = 90                                        {product} {command line}
     intx CICompilerCount                          = 4                                         {product} {ergonomic}
    uintx GCTimeRatio                              = 4                                         {product} {command line}
   size_t InitialHeapSize                          = 104857600                                 {product} {command line}
   size_t MaxHeapSize                              = 2147483648                                {product} {command line}
   size_t MaxNewSize                               = 715653120                                 {product} {ergonomic}
   size_t MinHeapDeltaBytes                        = 524288                                    {product} {ergonomic}
   size_t MinHeapSize                              = 104857600                                 {product} {command line}
   size_t NewSize                                  = 34603008                                  {product} {ergonomic}
    uintx NonNMethodCodeHeapSize                   = 5839372                                {pd product} {ergonomic}
    uintx NonProfiledCodeHeapSize                  = 122909434                              {pd product} {ergonomic}
   size_t OldSize                                  = 70254592                                  {product} {ergonomic}
    uintx ProfiledCodeHeapSize                     = 122909434                              {pd product} {ergonomic}
    uintx ReservedCodeCacheSize                    = 251658240                              {pd product} {ergonomic}
     bool SegmentedCodeCache                       = true                                      {product} {ergonomic}
   size_t SoftMaxHeapSize                          = 2147483648                             {manageable} {ergonomic}
     bool UseCompressedOops                        = true                           {product lp64_product} {ergonomic}
     bool UseLargePagesIndividualAllocation        = false                                  {pd product} {ergonomic}
     bool UseParallelGC                            = true                                      {product} {command line}

Logging:
Log output configuration:
 #0: stdout all=off uptime,level,tags foldmultilines=false
 #1: stderr all=off uptime,level,tags foldmultilines=false

Release file:
JAVA_VERSION="21.0.10" 
MODULES="java.base java.compiler java.datatransfer java.xml java.prefs java.desktop java.instrument java.logging java.management java.security.sasl java.naming java.rmi java.management.rmi java.net.http java.scripting java.security.jgss java.transaction.xa java.sql java.sql.rowset java.xml.crypto java.se java.smartcardio jdk.accessibility jdk.internal.jvmstat jdk.attach jdk.charsets jdk.internal.opt jdk.zipfs jdk.compiler jdk.crypto.ec jdk.crypto.cryptoki jdk.crypto.mscapi jdk.dynalink jdk.internal.ed jdk.editpad jdk.hotspot.agent jdk.httpserver jdk.internal.le jdk.internal.vm.ci jdk.internal.vm.compiler jdk.internal.vm.compiler.management jdk.jartool jdk.javadoc jdk.jcmd jdk.management jdk.management.agent jdk.jconsole jdk.jdeps jdk.jdwp.agent jdk.jdi jdk.jfr jdk.jshell jdk.jsobject jdk.jstatd jdk.localedata jdk.management.jfr jdk.naming.dns jdk.naming.rmi jdk.net jdk.nio.mapmode jdk.random jdk.sctp jdk.security.auth jdk.security.jgss jdk.unsupported jdk.unsupported.desktop jdk.xml.dom" 

Environment Variables:
JAVA_HOME=C:\Program Files\Java\jdk-21
PATH=C:\Users\Ghani\AppData\Local\Programs\Microsoft VS Code;C:\Users\Ghani\AppData\Local\Programs\Python\Python310\Scripts;C:\Windows\System32;F:\flutter_windows_3.29.0-stable\flutter\bin;C:\Windows\System32\WindowsPowerShell\v1.0\;C:\Program Files\Common Files\Oracle\Java\javapath;C:\Program Files\apache-maven-3.9.9-bin\apache-maven-3.9.9\bin;E:\sqlite;C:\Program Files (x86)\Microsoft SQL Server\90\Shared\sqlbrowser.exe;C:\Program Files\nodejs;C:\Program Files\dotnet;C:\Program Files\dotnet\;C:\Program Files\Java\jdk-21\bin;C:\Program Files\Git\bin;C:\Program Files\Genymobile\Genymotion\tools\adb;F:\AndroidSDK;C:\Users\Ghani\commandlinetools-win-13114758_latest\cmdline-tools\bin;F:\AndroidSDK\platform-tools;C:\MinGW\bin;C:\Users\Ghani\AppData\Local\Pub\Cache\bin;C:\Program Files\Git\cmd;F:\dartsdk-windows-x64-release\dart-sdk\bin;C:\Windows\system32\config\systemprofile\.dotnet;C:\Program Files\nodejs\;E:\NewSoftwares\sonarqube-25.10.0.114319\sonarqube-25.10.0.114319\bin;E:\NewSoftwares\sonar-scanner-cli-7.3.0.5189-windows-x64\sonar-scanner-7.3.0.5189-windows-x64\bin;F:\supabase_cli\supabase_windows_amd64;E:\NIFI\nifi-2.6.0-bin\nifi-2.6.0\bin;C:\Users\Ghani\AppData\Local\Programs\Python\Python310\Scripts;F:\flutter_windows_3.29.0-stable\flutter\bin;C:\Program Files\Common Files\Oracle\Java\javapath;C:\Windows\System32\WindowsPowerShell\v1.0\;C:\Program Files\apache-maven-3.9.9-bin\apache-maven-3.9.9\bin;E:\sqlite;C:\Program Files\Java\jdk-21\bin;C:\Users\Ghani\AppData\Local\Programs\Microsoft VS Code\bin;C:\Program Files\MongoDB\Server\8.0\bin;C:\Users\Ghani\AppData\Local\Programs\Python\Python310;C:\Program Files\MySQL\MySQL Server 8.0\bin;C:\Program Files\Microsoft SQL Server\80\Tools\Bin;E:\sqlite\bin;C:\Program Files (x86)\Microsoft SQL Server\90\Shared\sqlbrowser.exe;C:\Program Files\nodejs;C:\Windows\System32;C:\Program Files\dotnet;C:\Program Files\Git\bin;C:\Program Files\Genymobile\Genymotion\tools\adb;F:\AndroidSDK;C:\Users\Ghani\commandlinetools-win-13114758_latest\cmdline-tools\bin;F:\AndroidSDK\platform-tools;C:\MinGW\bin;C:\Users\Ghani\AppData\Local\Pub\Cache\bin;F:\dartsdk-windows-x64-release\dart-sdk\bin;C:\Users\Ghani\.dotnet;C:\Users\Ghani\AppData\Roaming\npm;E:\NewSoftwares\sonarqube-25.10.0.114319\sonarqube-25.10.0.114319\bin;E:\NewSoftwares\sonar-scanner-cli-7.3.0.5189-windows-x64\sonar-scanner-7.3.0.5189-windows-x64\bin;F:\supabase_cli\supabase_windows_amd64;E:\NIFI\nifi-2.6.0-bin\nifi-2.6.0\bin;F:\Antigravity\bin;C:\Users\Ghani\.dotnet\tools
USERNAME=Ghani
OS=Windows_NT
PROCESSOR_IDENTIFIER=Intel64 Family 6 Model 142 Stepping 12, GenuineIntel
TMP=E:\Temp
TEMP=E:\Temp




Periodic native trim disabled

---------------  S Y S T E M  ---------------

OS:
 Windows 10 , 64 bit Build 19041 (10.0.19041.6807)
OS uptime: 0 days 2:59 hours
Hyper-V role detected

CPU: total 8 (initial active 8) (4 cores per cpu, 2 threads per core) family 6 model 142 stepping 12 microcode 0xc6, cx8, cmov, fxsr, ht, mmx, 3dnowpref, sse, sse2, sse3, ssse3, sse4.1, sse4.2, popcnt, lzcnt, tsc, tscinvbit, avx, avx2, aes, erms, clmul, bmi1, bmi2, adx, fma, vzeroupper, clflush, clflushopt, hv, rdtscp, f16c
Processor Information for the first 8 processors :
  Max Mhz: 1896, Current Mhz: 1596, Mhz Limit: 1592

Memory: 4k page, system-wide physical 16162M (2635M free)
TotalPageFile size 23912M (AvailPageFile size 11M)
current process WorkingSet (physical memory assigned to process): 129M, peak: 129M
current process commit charge ("private bytes"): 269M, peak: 269M

vm_info: OpenJDK 64-Bit Server VM (21.0.10+7-LTS) for windows-amd64 JRE (21.0.10+7-LTS), built on 2026-01-20T00:00:00Z by "admin" with MS VC++ 17.12 (VS2022)

END.
