#
# There is insufficient memory for the Java Runtime Environment to continue.
# Native memory allocation (malloc) failed to allocate 946256 bytes. Error detail: Chunk::new
# Possible reasons:
#   The system is out of physical RAM or swap space
#   This process is running with CompressedOops enabled, and the Java Heap may be blocking the growth of the native heap
# Possible solutions:
#   Reduce memory load on the system
#   Increase physical memory or swap space
#   Check if swap backing store is full
#   Decrease Java heap size (-Xmx/-Xms)
#   Decrease number of Java threads
#   Decrease Java thread stack sizes (-Xss)
#   Set larger code cache with -XX:ReservedCodeCacheSize=
#   JVM is running with Unscaled Compressed Oops mode in which the Java heap is
#     placed in the first 4GB address space. The Java Heap base address is the
#     maximum limit for the native heap growth. Please use -XX:HeapBaseMinAddress
#     to set the Java Heap base and to place the Java Heap above 4GB virtual address.
# This output file may be truncated or incomplete.
#
#  Out of Memory Error (arena.cpp:168), pid=23028, tid=17180
#
# JRE version: OpenJDK Runtime Environment Temurin-21.0.10+7 (21.0.10+7) (build 21.0.10+7-LTS)
# Java VM: OpenJDK 64-Bit Server VM Temurin-21.0.10+7 (21.0.10+7-LTS, mixed mode, sharing, tiered, compressed oops, compressed class ptrs, parallel gc, windows-amd64)
# No core dump will be written. Minidumps are not enabled by default on client versions of Windows
#

---------------  S U M M A R Y ------------

Command Line: --add-modules=ALL-SYSTEM --add-opens=java.base/java.util=ALL-UNNAMED --add-opens=java.base/java.lang=ALL-UNNAMED --add-opens=java.base/sun.nio.fs=ALL-UNNAMED -Declipse.application=org.eclipse.jdt.ls.core.id1 -Dosgi.bundles.defaultStartLevel=4 -Declipse.product=org.eclipse.jdt.ls.core.product -Djava.import.generatesMetadataFilesAtProjectRoot=false -DDetectVMInstallationsJob.disabled=true -Dfile.encoding=utf8 -XX:+UseParallelGC -XX:GCTimeRatio=4 -XX:AdaptiveSizePolicyWeight=90 -Dsun.zip.disableMemoryMapping=true -Xmx2G -Xms100m -Xlog:disable -javaagent:c:\Users\Ghani\.vscode\extensions\redhat.java-1.53.0-win32-x64\lombok\lombok-1.18.39-4050.jar -XX:+HeapDumpOnOutOfMemoryError -XX:HeapDumpPath=c:\Users\Ghani\AppData\Roaming\Code\User\workspaceStorage\fb3df97a9f176c259a1fbb3e8f6b0e32\redhat.java -Daether.dependencyCollector.impl=bf c:\Users\Ghani\.vscode\extensions\redhat.java-1.53.0-win32-x64\server\plugins\org.eclipse.equinox.launcher_1.7.100.v20251111-0406.jar -configuration c:\Users\Ghani\AppData\Roaming\Code\User\globalStorage\redhat.java\1.53.0\config_win -data c:\Users\Ghani\AppData\Roaming\Code\User\workspaceStorage\fb3df97a9f176c259a1fbb3e8f6b0e32\redhat.java\jdt_ws --pipe=\\.\pipe\lsp-584383ed3f1ce51f95ca42160e20d722-sock

Host: Intel(R) Core(TM) i5-8365U CPU @ 1.60GHz, 8 cores, 15G,  Windows 10 , 64 bit Build 19041 (10.0.19041.6807)
Time: Thu Apr  9 12:32:26 2026 Pakistan Standard Time elapsed time: 35.093428 seconds (0d 0h 0m 35s)

---------------  T H R E A D  ---------------

Current thread (0x0000025ffa1a02c0):  JavaThread "C2 CompilerThread0" daemon [_thread_in_native, id=17180, stack(0x000000b24af00000,0x000000b24b000000) (1024K)]


Current CompileTask:
C2:35093 3275       4       java.lang.invoke.MethodType::makeImpl (109 bytes)

Stack: [0x000000b24af00000,0x000000b24b000000]
Native frames: (J=compiled Java code, j=interpreted, Vv=VM code, C=native code)
V  [jvm.dll+0x6d7a39]
V  [jvm.dll+0x8b4b26]
V  [jvm.dll+0x8b70de]
V  [jvm.dll+0x8b77c3]
V  [jvm.dll+0x284346]
V  [jvm.dll+0xc66ed]
V  [jvm.dll+0xc6c31]
V  [jvm.dll+0x2fb29e]
V  [jvm.dll+0x5fe884]
V  [jvm.dll+0x255b17]
V  [jvm.dll+0x255edd]
V  [jvm.dll+0x24e500]
V  [jvm.dll+0x24ba42]
V  [jvm.dll+0x1cb34e]
V  [jvm.dll+0x25b85d]
V  [jvm.dll+0x259dea]
V  [jvm.dll+0x3f857e]
V  [jvm.dll+0x85f59d]
V  [jvm.dll+0x6d626d]
C  [ucrtbase.dll+0x21bb2]
C  [KERNEL32.DLL+0x17374]
C  [ntdll.dll+0x4cc91]


---------------  P R O C E S S  ---------------

Threads class SMR info:
_java_thread_list=0x0000025fd5418240, length=20, elements={
0x0000025ff05190a0, 0x0000025ffa1971b0, 0x0000025ffa198320, 0x0000025ffa199aa0,
0x0000025ffa19ac40, 0x0000025ffa19ca10, 0x0000025ffa19f480, 0x0000025ffa1a02c0,
0x0000025ffa1bc3d0, 0x0000025fd42329f0, 0x0000025fd43dde50, 0x0000025fd4be7870,
0x0000025fd4bde960, 0x0000025fd4bdac60, 0x0000025fd4d143f0, 0x0000025fd516f780,
0x0000025fd49caa60, 0x0000025fd5163420, 0x0000025fd475ddd0, 0x0000025fd475f180
}

Java Threads: ( => current thread )
  0x0000025ff05190a0 JavaThread "main"                              [_thread_blocked, id=17532, stack(0x000000b24a500000,0x000000b24a600000) (1024K)]
  0x0000025ffa1971b0 JavaThread "Reference Handler"          daemon [_thread_blocked, id=22728, stack(0x000000b24a900000,0x000000b24aa00000) (1024K)]
  0x0000025ffa198320 JavaThread "Finalizer"                  daemon [_thread_blocked, id=2212, stack(0x000000b24aa00000,0x000000b24ab00000) (1024K)]
  0x0000025ffa199aa0 JavaThread "Signal Dispatcher"          daemon [_thread_blocked, id=20128, stack(0x000000b24ab00000,0x000000b24ac00000) (1024K)]
  0x0000025ffa19ac40 JavaThread "Attach Listener"            daemon [_thread_blocked, id=22988, stack(0x000000b24ac00000,0x000000b24ad00000) (1024K)]
  0x0000025ffa19ca10 JavaThread "Service Thread"             daemon [_thread_blocked, id=20176, stack(0x000000b24ad00000,0x000000b24ae00000) (1024K)]
  0x0000025ffa19f480 JavaThread "Monitor Deflation Thread"   daemon [_thread_blocked, id=20136, stack(0x000000b24ae00000,0x000000b24af00000) (1024K)]
=>0x0000025ffa1a02c0 JavaThread "C2 CompilerThread0"         daemon [_thread_in_native, id=17180, stack(0x000000b24af00000,0x000000b24b000000) (1024K)]
  0x0000025ffa1bc3d0 JavaThread "C1 CompilerThread0"         daemon [_thread_blocked, id=23072, stack(0x000000b24b000000,0x000000b24b100000) (1024K)]
  0x0000025fd42329f0 JavaThread "Common-Cleaner"             daemon [_thread_blocked, id=16512, stack(0x000000b24b200000,0x000000b24b300000) (1024K)]
  0x0000025fd43dde50 JavaThread "Notification Thread"        daemon [_thread_blocked, id=21568, stack(0x000000b24b100000,0x000000b24b200000) (1024K)]
  0x0000025fd4be7870 JavaThread "Active Thread: Equinox Container: 62ed3fce-32c1-4344-951b-109b4c51eaed"        [_thread_blocked, id=19716, stack(0x000000b24ba00000,0x000000b24bb00000) (1024K)]
  0x0000025fd4bde960 JavaThread "Refresh Thread: Equinox Container: 62ed3fce-32c1-4344-951b-109b4c51eaed" daemon [_thread_blocked, id=19508, stack(0x000000b24bb00000,0x000000b24bc00000) (1024K)]
  0x0000025fd4bdac60 JavaThread "Framework Event Dispatcher: Equinox Container: 62ed3fce-32c1-4344-951b-109b4c51eaed" daemon [_thread_blocked, id=22384, stack(0x000000b24bc00000,0x000000b24bd00000) (1024K)]
  0x0000025fd4d143f0 JavaThread "Start Level: Equinox Container: 62ed3fce-32c1-4344-951b-109b4c51eaed" daemon [_thread_in_native, id=19644, stack(0x000000b24bd00000,0x000000b24be00000) (1024K)]
  0x0000025fd516f780 JavaThread "Bundle File Closer"         daemon [_thread_blocked, id=17112, stack(0x000000b24bf00000,0x000000b24c000000) (1024K)]
  0x0000025fd49caa60 JavaThread "SCR Component Actor"        daemon [_thread_blocked, id=7556, stack(0x000000b24a200000,0x000000b24a300000) (1024K)]
  0x0000025fd5163420 JavaThread "Worker-JM"                         [_thread_blocked, id=22980, stack(0x000000b24c100000,0x000000b24c200000) (1024K)]
  0x0000025fd475ddd0 JavaThread "Worker-0: Checking project encoding"        [_thread_blocked, id=15136, stack(0x000000b24be00000,0x000000b24bf00000) (1024K)]
  0x0000025fd475f180 JavaThread "Worker-1"                          [_thread_blocked, id=22984, stack(0x000000b24c000000,0x000000b24c100000) (1024K)]
Total: 20

Other Threads:
  0x0000025ffa180de0 VMThread "VM Thread"                           [id=19048, stack(0x000000b24a800000,0x000000b24a900000) (1024K)]
  0x0000025ff278f4d0 WatcherThread "VM Periodic Task Thread"        [id=1956, stack(0x000000b24a700000,0x000000b24a800000) (1024K)]
  0x0000025ff27429f0 WorkerThread "GC Thread#0"                     [id=19704, stack(0x000000b24a600000,0x000000b24a700000) (1024K)]
  0x0000025fd464b8a0 WorkerThread "GC Thread#1"                     [id=20316, stack(0x000000b24b400000,0x000000b24b500000) (1024K)]
  0x0000025fd464bc50 WorkerThread "GC Thread#2"                     [id=22316, stack(0x000000b24b500000,0x000000b24b600000) (1024K)]
  0x0000025fd464c000 WorkerThread "GC Thread#3"                     [id=19732, stack(0x000000b24b600000,0x000000b24b700000) (1024K)]
  0x0000025fd49e3d20 WorkerThread "GC Thread#4"                     [id=22592, stack(0x000000b24b700000,0x000000b24b800000) (1024K)]
  0x0000025fd49e40d0 WorkerThread "GC Thread#5"                     [id=2640, stack(0x000000b24b800000,0x000000b24b900000) (1024K)]
  0x0000025fd49e4480 WorkerThread "GC Thread#6"                     [id=21904, stack(0x000000b24b900000,0x000000b24ba00000) (1024K)]
  0x0000025ffa1d7c40 WorkerThread "GC Thread#7"                     [id=1168, stack(0x000000b24b300000,0x000000b24b400000) (1024K)]
Total: 10

Threads with active compile tasks:
C2 CompilerThread0  35136 3275       4       java.lang.invoke.MethodType::makeImpl (109 bytes)
Total: 1

VM state: not at safepoint (normal execution)

VM Mutex/Monitor currently owned by a thread: None

Heap address: 0x0000000080000000, size: 2048 MB, Compressed Oops mode: 32-bit

CDS archive(s) mapped at: [0x0000025f8f000000-0x0000025f8fba0000-0x0000025f8fba0000), size 12189696, SharedBaseAddress: 0x0000025f8f000000, ArchiveRelocationMode: 1.
Compressed class space mapped at: 0x0000025f90000000-0x0000025fd0000000, reserved size: 1073741824
Narrow klass base: 0x0000025f8f000000, Narrow klass shift: 0, Narrow klass range: 0x100000000

GC Precious Log:
 CardTable entry size: 512
 CPUs: 8 total, 8 available
 Memory: 16162M
 Large Page Support: Disabled
 NUMA Support: Disabled
 Compressed Oops: Enabled (32-bit)
 Alignments: Space 512K, Generation 512K, Heap 2M
 Heap Min Capacity: 100M
 Heap Initial Capacity: 100M
 Heap Max Capacity: 2G
 Pre-touch: Disabled
 Parallel Workers: 8

Heap:
 PSYoungGen      total 29184K, used 12274K [0x00000000d5580000, 0x00000000d7a00000, 0x0000000100000000)
  eden space 25088K, 32% used [0x00000000d5580000,0x00000000d5d7e038,0x00000000d6e00000)
  from space 4096K, 99% used [0x00000000d6e80000,0x00000000d727e7d0,0x00000000d7280000)
  to   space 6144K, 0% used [0x00000000d7400000,0x00000000d7400000,0x00000000d7a00000)
 ParOldGen       total 68608K, used 8297K [0x0000000080000000, 0x0000000084300000, 0x00000000d5580000)
  object space 68608K, 12% used [0x0000000080000000,0x000000008081a688,0x0000000084300000)
 Metaspace       used 16497K, committed 17024K, reserved 1114112K
  class space    used 1716K, committed 1920K, reserved 1048576K

Card table byte_map: [0x0000025ff20e0000,0x0000025ff24f0000] _byte_map_base: 0x0000025ff1ce0000

Marking Bits: (ParMarkBitMap*) 0x00007ff886c43450
 Begin Bits: [0x0000025ff5be0000, 0x0000025ff7be0000)
 End Bits:   [0x0000025ff7be0000, 0x0000025ff9be0000)

Polling page: 0x0000025ff07b0000

Metaspace:

Usage:
  Non-class:     14.43 MB used.
      Class:      1.68 MB used.
       Both:     16.11 MB used.

Virtual space:
  Non-class space:       64.00 MB reserved,      14.75 MB ( 23%) committed,  1 nodes.
      Class space:        1.00 GB reserved,       1.88 MB ( <1%) committed,  1 nodes.
             Both:        1.06 GB reserved,      16.62 MB (  2%) committed. 

Chunk freelists:
   Non-Class:  1.14 MB
       Class:  13.94 MB
        Both:  15.08 MB

MaxMetaspaceSize: unlimited
CompressedClassSpaceSize: 1.00 GB
Initial GC threshold: 21.00 MB
Current GC threshold: 21.00 MB
CDS: on
 - commit_granule_bytes: 65536.
 - commit_granule_words: 8192.
 - virtual_space_node_default_size: 8388608.
 - enlarge_chunks_in_place: 1.
 - use_allocation_guard: 0.


Internal statistics:

num_allocs_failed_limit: 0.
num_arena_births: 490.
num_arena_deaths: 0.
num_vsnodes_births: 2.
num_vsnodes_deaths: 0.
num_space_committed: 266.
num_space_uncommitted: 0.
num_chunks_returned_to_freelist: 0.
num_chunks_taken_from_freelist: 1050.
num_chunk_merges: 0.
num_chunk_splits: 667.
num_chunks_enlarged: 432.
num_inconsistent_stats: 0.

CodeHeap 'non-profiled nmethods': size=120000Kb used=1508Kb max_used=1508Kb free=118491Kb
 bounds [0x0000025f87ad0000, 0x0000025f87d40000, 0x0000025f8f000000]
CodeHeap 'profiled nmethods': size=120000Kb used=6679Kb max_used=6679Kb free=113320Kb
 bounds [0x0000025f80000000, 0x0000025f80690000, 0x0000025f87530000]
CodeHeap 'non-nmethods': size=5760Kb used=1264Kb max_used=1279Kb free=4495Kb
 bounds [0x0000025f87530000, 0x0000025f877a0000, 0x0000025f87ad0000]
CodeCache: size=245760Kb, used=9451Kb, max_used=9466Kb, free=236306Kb
 total_blobs=3844, nmethods=3306, adapters=444, full_count=0
Compilation: enabled, stopped_count=0, restarted_count=0

Compilation events (20 events):
Event: 34.950 Thread 0x0000025ffa1bc3d0 3292       3       org.eclipse.osgi.internal.serviceregistry.ServiceRegistrationImpl::compareTo (27 bytes)
Event: 34.950 Thread 0x0000025ffa1bc3d0 nmethod 3292 0x0000025f80682510 code [0x0000025f80682700, 0x0000025f80682d08]
Event: 34.950 Thread 0x0000025ffa1bc3d0 3293       1       org.apache.felix.scr.impl.manager.DependencyManager::access$000 (5 bytes)
Event: 34.951 Thread 0x0000025ffa1bc3d0 nmethod 3293 0x0000025f87c47810 code [0x0000025f87c479a0, 0x0000025f87c47a50]
Event: 34.951 Thread 0x0000025ffa1bc3d0 3294       3       org.apache.felix.scr.impl.manager.AbstractComponentManager::getState (42 bytes)
Event: 34.952 Thread 0x0000025ffa1bc3d0 nmethod 3294 0x0000025f80682e90 code [0x0000025f80683080, 0x0000025f80683608]
Event: 34.954 Thread 0x0000025ffa1bc3d0 3296       3       org.apache.felix.scr.impl.logger.ScrLogManager$ScrLoggerFacade::log (16 bytes)
Event: 34.954 Thread 0x0000025ffa1bc3d0 nmethod 3296 0x0000025f80683810 code [0x0000025f806839e0, 0x0000025f80683be0]
Event: 34.954 Thread 0x0000025ffa1bc3d0 3297       3       org.apache.felix.scr.impl.manager.DependencyManager::hasGetPermission (37 bytes)
Event: 34.955 Thread 0x0000025ffa1bc3d0 nmethod 3297 0x0000025f80683d10 code [0x0000025f80683ec0, 0x0000025f806840b8]
Event: 34.955 Thread 0x0000025ffa1bc3d0 3298       3       java.util.concurrent.locks.AbstractQueuedSynchronizer$ConditionObject::signalAll (34 bytes)
Event: 34.956 Thread 0x0000025ffa1bc3d0 nmethod 3298 0x0000025f80684190 code [0x0000025f80684360, 0x0000025f806846b0]
Event: 34.956 Thread 0x0000025ffa1bc3d0 3299       3       org.apache.felix.scr.impl.manager.DependencyManager::cardinalitySatisfied (14 bytes)
Event: 34.956 Thread 0x0000025ffa1bc3d0 nmethod 3299 0x0000025f80684810 code [0x0000025f806849a0, 0x0000025f80684b00]
Event: 34.966 Thread 0x0000025ffa1bc3d0 3300       3       java.lang.ref.SoftReference::get (29 bytes)
Event: 34.966 Thread 0x0000025ffa1bc3d0 nmethod 3300 0x0000025f80684b90 code [0x0000025f80684d40, 0x0000025f80684ed8]
Event: 34.978 Thread 0x0000025ffa1bc3d0 3303       3       java.lang.invoke.LambdaFormEditor$TransformKey::ival (25 bytes)
Event: 34.979 Thread 0x0000025ffa1bc3d0 nmethod 3303 0x0000025f80684f90 code [0x0000025f80685120, 0x0000025f80685220]
Event: 35.055 Thread 0x0000025ffa1bc3d0 3310       3       java.lang.invoke.LambdaForm::methodType (48 bytes)
Event: 35.056 Thread 0x0000025ffa1bc3d0 nmethod 3310 0x0000025f80685290 code [0x0000025f80685480, 0x0000025f80685a20]

GC Heap History (10 events):
Event: 1.696 GC heap before
{Heap before GC invocations=1 (full 0):
 PSYoungGen      total 29696K, used 25600K [0x00000000d5580000, 0x00000000d7680000, 0x0000000100000000)
  eden space 25600K, 100% used [0x00000000d5580000,0x00000000d6e80000,0x00000000d6e80000)
  from space 4096K, 0% used [0x00000000d7280000,0x00000000d7280000,0x00000000d7680000)
  to   space 4096K, 0% used [0x00000000d6e80000,0x00000000d6e80000,0x00000000d7280000)
 ParOldGen       total 68608K, used 0K [0x0000000080000000, 0x0000000084300000, 0x00000000d5580000)
  object space 68608K, 0% used [0x0000000080000000,0x0000000080000000,0x0000000084300000)
 Metaspace       used 4342K, committed 4608K, reserved 1114112K
  class space    used 473K, committed 576K, reserved 1048576K
}
Event: 1.708 GC heap after
{Heap after GC invocations=1 (full 0):
 PSYoungGen      total 29696K, used 3312K [0x00000000d5580000, 0x00000000d7680000, 0x0000000100000000)
  eden space 25600K, 0% used [0x00000000d5580000,0x00000000d5580000,0x00000000d6e80000)
  from space 4096K, 80% used [0x00000000d6e80000,0x00000000d71bc148,0x00000000d7280000)
  to   space 4096K, 0% used [0x00000000d7280000,0x00000000d7280000,0x00000000d7680000)
 ParOldGen       total 68608K, used 16K [0x0000000080000000, 0x0000000084300000, 0x00000000d5580000)
  object space 68608K, 0% used [0x0000000080000000,0x0000000080004000,0x0000000084300000)
 Metaspace       used 4342K, committed 4608K, reserved 1114112K
  class space    used 473K, committed 576K, reserved 1048576K
}
Event: 10.011 GC heap before
{Heap before GC invocations=2 (full 0):
 PSYoungGen      total 29696K, used 28912K [0x00000000d5580000, 0x00000000d7680000, 0x0000000100000000)
  eden space 25600K, 100% used [0x00000000d5580000,0x00000000d6e80000,0x00000000d6e80000)
  from space 4096K, 80% used [0x00000000d6e80000,0x00000000d71bc148,0x00000000d7280000)
  to   space 4096K, 0% used [0x00000000d7280000,0x00000000d7280000,0x00000000d7680000)
 ParOldGen       total 68608K, used 16K [0x0000000080000000, 0x0000000084300000, 0x00000000d5580000)
  object space 68608K, 0% used [0x0000000080000000,0x0000000080004000,0x0000000084300000)
 Metaspace       used 7992K, committed 8256K, reserved 1114112K
  class space    used 831K, committed 960K, reserved 1048576K
}
Event: 10.022 GC heap after
{Heap after GC invocations=2 (full 0):
 PSYoungGen      total 29696K, used 4086K [0x00000000d5580000, 0x00000000d7680000, 0x0000000100000000)
  eden space 25600K, 0% used [0x00000000d5580000,0x00000000d5580000,0x00000000d6e80000)
  from space 4096K, 99% used [0x00000000d7280000,0x00000000d767d810,0x00000000d7680000)
  to   space 4096K, 0% used [0x00000000d6e80000,0x00000000d6e80000,0x00000000d7280000)
 ParOldGen       total 68608K, used 2081K [0x0000000080000000, 0x0000000084300000, 0x00000000d5580000)
  object space 68608K, 3% used [0x0000000080000000,0x0000000080208638,0x0000000084300000)
 Metaspace       used 7992K, committed 8256K, reserved 1114112K
  class space    used 831K, committed 960K, reserved 1048576K
}
Event: 15.322 GC heap before
{Heap before GC invocations=3 (full 0):
 PSYoungGen      total 29696K, used 29686K [0x00000000d5580000, 0x00000000d7680000, 0x0000000100000000)
  eden space 25600K, 100% used [0x00000000d5580000,0x00000000d6e80000,0x00000000d6e80000)
  from space 4096K, 99% used [0x00000000d7280000,0x00000000d767d810,0x00000000d7680000)
  to   space 4096K, 0% used [0x00000000d6e80000,0x00000000d6e80000,0x00000000d7280000)
 ParOldGen       total 68608K, used 2081K [0x0000000080000000, 0x0000000084300000, 0x00000000d5580000)
  object space 68608K, 3% used [0x0000000080000000,0x0000000080208638,0x0000000084300000)
 Metaspace       used 9437K, committed 9728K, reserved 1114112K
  class space    used 1005K, committed 1152K, reserved 1048576K
}
Event: 15.332 GC heap after
{Heap after GC invocations=3 (full 0):
 PSYoungGen      total 29696K, used 4087K [0x00000000d5580000, 0x00000000d7680000, 0x0000000100000000)
  eden space 25600K, 0% used [0x00000000d5580000,0x00000000d5580000,0x00000000d6e80000)
  from space 4096K, 99% used [0x00000000d6e80000,0x00000000d727dea8,0x00000000d7280000)
  to   space 4096K, 0% used [0x00000000d7280000,0x00000000d7280000,0x00000000d7680000)
 ParOldGen       total 68608K, used 5032K [0x0000000080000000, 0x0000000084300000, 0x00000000d5580000)
  object space 68608K, 7% used [0x0000000080000000,0x00000000804ea110,0x0000000084300000)
 Metaspace       used 9437K, committed 9728K, reserved 1114112K
  class space    used 1005K, committed 1152K, reserved 1048576K
}
Event: 32.667 GC heap before
{Heap before GC invocations=4 (full 0):
 PSYoungGen      total 29696K, used 29687K [0x00000000d5580000, 0x00000000d7680000, 0x0000000100000000)
  eden space 25600K, 100% used [0x00000000d5580000,0x00000000d6e80000,0x00000000d6e80000)
  from space 4096K, 99% used [0x00000000d6e80000,0x00000000d727dea8,0x00000000d7280000)
  to   space 4096K, 0% used [0x00000000d7280000,0x00000000d7280000,0x00000000d7680000)
 ParOldGen       total 68608K, used 5032K [0x0000000080000000, 0x0000000084300000, 0x00000000d5580000)
  object space 68608K, 7% used [0x0000000080000000,0x00000000804ea110,0x0000000084300000)
 Metaspace       used 11669K, committed 12032K, reserved 1114112K
  class space    used 1231K, committed 1408K, reserved 1048576K
}
Event: 32.676 GC heap after
{Heap after GC invocations=4 (full 0):
 PSYoungGen      total 29696K, used 4072K [0x00000000d5580000, 0x00000000d7680000, 0x0000000100000000)
  eden space 25600K, 0% used [0x00000000d5580000,0x00000000d5580000,0x00000000d6e80000)
  from space 4096K, 99% used [0x00000000d7280000,0x00000000d767a1d0,0x00000000d7680000)
  to   space 4096K, 0% used [0x00000000d6e80000,0x00000000d6e80000,0x00000000d7280000)
 ParOldGen       total 68608K, used 6900K [0x0000000080000000, 0x0000000084300000, 0x00000000d5580000)
  object space 68608K, 10% used [0x0000000080000000,0x00000000806bd388,0x0000000084300000)
 Metaspace       used 11669K, committed 12032K, reserved 1114112K
  class space    used 1231K, committed 1408K, reserved 1048576K
}
Event: 34.425 GC heap before
{Heap before GC invocations=5 (full 0):
 PSYoungGen      total 29696K, used 29672K [0x00000000d5580000, 0x00000000d7680000, 0x0000000100000000)
  eden space 25600K, 100% used [0x00000000d5580000,0x00000000d6e80000,0x00000000d6e80000)
  from space 4096K, 99% used [0x00000000d7280000,0x00000000d767a1d0,0x00000000d7680000)
  to   space 4096K, 0% used [0x00000000d6e80000,0x00000000d6e80000,0x00000000d7280000)
 ParOldGen       total 68608K, used 6900K [0x0000000080000000, 0x0000000084300000, 0x00000000d5580000)
  object space 68608K, 10% used [0x0000000080000000,0x00000000806bd388,0x0000000084300000)
 Metaspace       used 15289K, committed 15808K, reserved 1114112K
  class space    used 1577K, committed 1792K, reserved 1048576K
}
Event: 34.432 GC heap after
{Heap after GC invocations=5 (full 0):
 PSYoungGen      total 29184K, used 4089K [0x00000000d5580000, 0x00000000d7a00000, 0x0000000100000000)
  eden space 25088K, 0% used [0x00000000d5580000,0x00000000d5580000,0x00000000d6e00000)
  from space 4096K, 99% used [0x00000000d6e80000,0x00000000d727e7d0,0x00000000d7280000)
  to   space 6144K, 0% used [0x00000000d7400000,0x00000000d7400000,0x00000000d7a00000)
 ParOldGen       total 68608K, used 8297K [0x0000000080000000, 0x0000000084300000, 0x00000000d5580000)
  object space 68608K, 12% used [0x0000000080000000,0x000000008081a688,0x0000000084300000)
 Metaspace       used 15289K, committed 15808K, reserved 1114112K
  class space    used 1577K, committed 1792K, reserved 1048576K
}

Dll operation events (11 events):
Event: 0.016 Loaded shared library c:\Users\Ghani\.vscode\extensions\redhat.java-1.53.0-win32-x64\jre\21.0.10-win32-x86_64\bin\java.dll
Event: 0.183 Loaded shared library c:\Users\Ghani\.vscode\extensions\redhat.java-1.53.0-win32-x64\jre\21.0.10-win32-x86_64\bin\zip.dll
Event: 0.229 Loaded shared library C:\Users\Ghani\.vscode\extensions\redhat.java-1.53.0-win32-x64\jre\21.0.10-win32-x86_64\bin\instrument.dll
Event: 0.239 Loaded shared library C:\Users\Ghani\.vscode\extensions\redhat.java-1.53.0-win32-x64\jre\21.0.10-win32-x86_64\bin\net.dll
Event: 0.248 Loaded shared library C:\Users\Ghani\.vscode\extensions\redhat.java-1.53.0-win32-x64\jre\21.0.10-win32-x86_64\bin\nio.dll
Event: 0.255 Loaded shared library C:\Users\Ghani\.vscode\extensions\redhat.java-1.53.0-win32-x64\jre\21.0.10-win32-x86_64\bin\zip.dll
Event: 0.316 Loaded shared library C:\Users\Ghani\.vscode\extensions\redhat.java-1.53.0-win32-x64\jre\21.0.10-win32-x86_64\bin\jimage.dll
Event: 0.508 Loaded shared library c:\Users\Ghani\.vscode\extensions\redhat.java-1.53.0-win32-x64\jre\21.0.10-win32-x86_64\bin\verify.dll
Event: 10.199 Loaded shared library C:\Users\Ghani\AppData\Roaming\Code\User\globalStorage\redhat.java\1.53.0\config_win\org.eclipse.equinox.launcher\org.eclipse.equinox.launcher.win32.win32.x86_64_1.3.0.v20260203-2149\eclipse_11919.dll
Event: 34.345 Loaded shared library C:\Users\Ghani\.vscode\extensions\redhat.java-1.53.0-win32-x64\jre\21.0.10-win32-x86_64\bin\management.dll
Event: 34.351 Loaded shared library C:\Users\Ghani\.vscode\extensions\redhat.java-1.53.0-win32-x64\jre\21.0.10-win32-x86_64\bin\management_ext.dll

Deoptimization events (20 events):
Event: 34.435 Thread 0x0000025fd4d143f0 Uncommon trap: trap_request=0xffffff45 fr.pc=0x0000025f87bd0a88 relative=0x00000000000012e8
Event: 34.435 Thread 0x0000025fd4d143f0 Uncommon trap: reason=unstable_if action=reinterpret pc=0x0000025f87bd0a88 method=java.util.Properties.loadConvert([CIILjava/lang/StringBuilder;)Ljava/lang/String; @ 491 c2
Event: 34.435 Thread 0x0000025fd4d143f0 DEOPT PACKING pc=0x0000025f87bd0a88 sp=0x000000b24bdf7b30
Event: 34.435 Thread 0x0000025fd4d143f0 DEOPT UNPACKING pc=0x0000025f87583aa2 sp=0x000000b24bdf7b20 mode 2
Event: 34.493 Thread 0x0000025fd4d143f0 Uncommon trap: trap_request=0xffffff45 fr.pc=0x0000025f87b744d8 relative=0x00000000000000b8
Event: 34.493 Thread 0x0000025fd4d143f0 Uncommon trap: reason=unstable_if action=reinterpret pc=0x0000025f87b744d8 method=org.eclipse.osgi.container.ModuleRevisionBuilder.unmodifiableMap(Ljava/util/Map;)Ljava/util/Map; @ 27 c2
Event: 34.493 Thread 0x0000025fd4d143f0 DEOPT PACKING pc=0x0000025f87b744d8 sp=0x000000b24bdf9920
Event: 34.493 Thread 0x0000025fd4d143f0 DEOPT UNPACKING pc=0x0000025f87583aa2 sp=0x000000b24bdf98a0 mode 2
Event: 34.803 Thread 0x0000025fd4d143f0 Uncommon trap: trap_request=0xffffff45 fr.pc=0x0000025f87c3dba8 relative=0x0000000000000088
Event: 34.803 Thread 0x0000025fd4d143f0 Uncommon trap: reason=unstable_if action=reinterpret pc=0x0000025f87c3dba8 method=java.lang.ref.SoftReference.get()Ljava/lang/Object; @ 6 c2
Event: 34.803 Thread 0x0000025fd4d143f0 DEOPT PACKING pc=0x0000025f87c3dba8 sp=0x000000b24bdf9830
Event: 34.803 Thread 0x0000025fd4d143f0 DEOPT UNPACKING pc=0x0000025f87583aa2 sp=0x000000b24bdf97c8 mode 2
Event: 34.877 Thread 0x0000025fd475ddd0 Uncommon trap: trap_request=0xffffff45 fr.pc=0x0000025f87bc34e0 relative=0x00000000000000c0
Event: 34.877 Thread 0x0000025fd475ddd0 Uncommon trap: reason=unstable_if action=reinterpret pc=0x0000025f87bc34e0 method=java.util.concurrent.locks.ReentrantLock$NonfairSync.initialTryLock()Z @ 25 c2
Event: 34.877 Thread 0x0000025fd475ddd0 DEOPT PACKING pc=0x0000025f87bc34e0 sp=0x000000b24befdbb0
Event: 34.877 Thread 0x0000025fd475ddd0 DEOPT UNPACKING pc=0x0000025f87583aa2 sp=0x000000b24befdb30 mode 2
Event: 35.057 Thread 0x0000025fd4d143f0 Uncommon trap: trap_request=0xffffff45 fr.pc=0x0000025f87bf2e94 relative=0x0000000000000074
Event: 35.057 Thread 0x0000025fd4d143f0 Uncommon trap: reason=unstable_if action=reinterpret pc=0x0000025f87bf2e94 method=java.lang.ref.ReferenceQueue.poll()Ljava/lang/ref/Reference; @ 4 c2
Event: 35.057 Thread 0x0000025fd4d143f0 DEOPT PACKING pc=0x0000025f87bf2e94 sp=0x000000b24bdf31b0
Event: 35.057 Thread 0x0000025fd4d143f0 DEOPT UNPACKING pc=0x0000025f87583aa2 sp=0x000000b24bdf3138 mode 2

Classes loaded (20 events):
Event: 34.495 Loading class java/util/stream/ReferencePipeline$StatefulOp done
Event: 34.495 Loading class java/util/stream/SortedOps$OfRef done
Event: 34.497 Loading class java/util/stream/SortedOps$RefSortingSink
Event: 34.497 Loading class java/util/stream/SortedOps$AbstractRefSortingSink
Event: 34.497 Loading class java/util/stream/SortedOps$AbstractRefSortingSink done
Event: 34.497 Loading class java/util/stream/SortedOps$RefSortingSink done
Event: 34.564 Loading class java/util/zip/ZipOutputStream
Event: 34.565 Loading class java/util/zip/DeflaterOutputStream
Event: 34.565 Loading class java/util/zip/DeflaterOutputStream done
Event: 34.565 Loading class java/util/zip/ZipOutputStream done
Event: 34.573 Loading class java/io/FilenameFilter
Event: 34.573 Loading class java/io/FilenameFilter done
Event: 34.698 Loading class java/util/function/LongUnaryOperator
Event: 34.698 Loading class java/util/function/LongUnaryOperator done
Event: 34.699 Loading class java/lang/ThreadDeath
Event: 34.699 Loading class java/lang/ThreadDeath done
Event: 34.806 Loading class java/util/stream/SortedOps$SizedRefSortingSink
Event: 34.806 Loading class java/util/stream/SortedOps$SizedRefSortingSink done
Event: 34.897 Loading class java/util/concurrent/atomic/Striped64$1
Event: 34.897 Loading class java/util/concurrent/atomic/Striped64$1 done

Classes unloaded (0 events):
No events

Classes redefined (0 events):
No events

Internal exceptions (20 events):
Event: 33.737 Thread 0x0000025fd4d143f0 Exception <a 'java/lang/NoSuchMethodError'{0x00000000d6871960}: 'void java.lang.invoke.Invokers$Holder.invokeExact_MT(java.lang.Object, java.lang.Object, java.lang.Object)'> (0x00000000d6871960) 
thrown [s\src\hotspot\share\interpreter\linkResolver.cpp, line 773]
Event: 34.068 Thread 0x0000025fd4d143f0 Exception <a 'java/lang/NoSuchMethodError'{0x00000000d6b717d0}: 'java.lang.Object java.lang.invoke.DirectMethodHandle$Holder.invokeVirtual(java.lang.Object, java.lang.Object, java.lang.Object)'> (0x00000000d6b717d0) 
thrown [s\src\hotspot\share\interpreter\linkResolver.cpp, line 773]
Event: 34.074 Thread 0x0000025fd4d143f0 Exception <a 'java/lang/NoSuchMethodError'{0x00000000d6b89b68}: 'java.lang.Object java.lang.invoke.DelegatingMethodHandle$Holder.reinvoke_L(java.lang.Object, java.lang.Object, java.lang.Object, java.lang.Object, int, int)'> (0x00000000d6b89b68) 
thrown [s\src\hotspot\share\interpreter\linkResolver.cpp, line 773]
Event: 34.084 Thread 0x0000025fd4d143f0 Exception <a 'java/lang/NoSuchMethodError'{0x00000000d6ba6790}: 'java.lang.Object java.lang.invoke.DirectMethodHandle$Holder.newInvokeSpecial(java.lang.Object, java.lang.Object, java.lang.Object, java.lang.Object, java.lang.Object, java.lang.Object)'> (0x00000000d6ba6790) 
thrown [s\src\hotspot\share\interpreter\linkResolver.cpp, line 773]
Event: 34.091 Thread 0x0000025fd4d143f0 Exception <a 'java/lang/NoSuchMethodError'{0x00000000d6bd2c20}: 'void java.lang.invoke.Invokers$Holder.invokeExact_MT(java.lang.Object, java.lang.Object, java.lang.Object, java.lang.Object)'> (0x00000000d6bd2c20) 
thrown [s\src\hotspot\share\interpreter\linkResolver.cpp, line 773]
Event: 34.293 Thread 0x0000025fd4d143f0 Exception <a 'java/io/FileNotFoundException'{0x00000000d6d09210}> (0x00000000d6d09210) 
thrown [s\src\hotspot\share\prims\jni.cpp, line 520]
Event: 34.340 Thread 0x0000025fd4d143f0 Exception <a 'java/io/FileNotFoundException'{0x00000000d6d27430}> (0x00000000d6d27430) 
thrown [s\src\hotspot\share\prims\jni.cpp, line 520]
Event: 34.341 Thread 0x0000025fd4d143f0 Exception <a 'java/io/FileNotFoundException'{0x00000000d6d2eee8}> (0x00000000d6d2eee8) 
thrown [s\src\hotspot\share\prims\jni.cpp, line 520]
Event: 34.572 Thread 0x0000025fd4d143f0 Exception <a 'java/lang/NoSuchMethodError'{0x00000000d59035a8}: 'java.lang.Object java.lang.invoke.DirectMethodHandle$Holder.newInvokeSpecial(java.lang.Object, java.lang.Object, java.lang.Object, java.lang.Object, java.lang.Object)'> (0x00000000d59035a8) 
thrown [s\src\hotspot\share\interpreter\linkResolver.cpp, line 773]
Event: 34.695 Thread 0x0000025fd4d143f0 Exception <a 'java/lang/NoSuchMethodError'{0x00000000d59ffbc8}: 'java.lang.Object java.lang.invoke.DirectMethodHandle$Holder.invokeSpecial(java.lang.Object, java.lang.Object, java.lang.Object, long, java.lang.Object)'> (0x00000000d59ffbc8) 
thrown [s\src\hotspot\share\interpreter\linkResolver.cpp, line 773]
Event: 34.696 Thread 0x0000025fd4d143f0 Exception <a 'java/lang/NoSuchMethodError'{0x00000000d5a07410}: 'java.lang.Object java.lang.invoke.DirectMethodHandle$Holder.newInvokeSpecial(java.lang.Object, java.lang.Object, java.lang.Object, long)'> (0x00000000d5a07410) 
thrown [s\src\hotspot\share\interpreter\linkResolver.cpp, line 773]
Event: 34.696 Thread 0x0000025fd4d143f0 Exception <a 'java/lang/NoSuchMethodError'{0x00000000d5a0b7c0}: 'java.lang.Object java.lang.invoke.DirectMethodHandle$Holder.invokeSpecial(java.lang.Object, java.lang.Object, java.lang.Object, java.lang.Object, long)'> (0x00000000d5a0b7c0) 
thrown [s\src\hotspot\share\interpreter\linkResolver.cpp, line 773]
Event: 34.697 Thread 0x0000025fd4d143f0 Exception <a 'java/lang/NoSuchMethodError'{0x00000000d5a0f3e0}: 'java.lang.Object java.lang.invoke.Invokers$Holder.linkToTargetMethod(java.lang.Object, java.lang.Object, long, java.lang.Object)'> (0x00000000d5a0f3e0) 
thrown [s\src\hotspot\share\interpreter\linkResolver.cpp, line 773]
Event: 34.828 Thread 0x0000025fd4d143f0 Exception <a 'java/lang/IncompatibleClassChangeError'{0x00000000d5b25e90}: Found class java.lang.Object, but interface was expected> (0x00000000d5b25e90) 
thrown [s\src\hotspot\share\interpreter\linkResolver.cpp, line 840]
Event: 34.867 Thread 0x0000025fd4d143f0 Exception <a 'java/lang/NoSuchMethodError'{0x00000000d5b299a0}: 'java.lang.Object java.lang.invoke.DirectMethodHandle$Holder.invokeSpecial(java.lang.Object, java.lang.Object, java.lang.Object, int, java.lang.Object, java.lang.Object)'> (0x00000000d5b299a0) 
thrown [s\src\hotspot\share\interpreter\linkResolver.cpp, line 773]
Event: 34.868 Thread 0x0000025fd4d143f0 Exception <a 'java/lang/NoSuchMethodError'{0x00000000d5b313b8}: 'java.lang.Object java.lang.invoke.DirectMethodHandle$Holder.newInvokeSpecial(java.lang.Object, java.lang.Object, java.lang.Object, int, java.lang.Object)'> (0x00000000d5b313b8) 
thrown [s\src\hotspot\share\interpreter\linkResolver.cpp, line 773]
Event: 34.870 Thread 0x0000025fd4d143f0 Exception <a 'java/lang/NoSuchMethodError'{0x00000000d5b35338}: 'java.lang.Object java.lang.invoke.DirectMethodHandle$Holder.invokeSpecial(java.lang.Object, java.lang.Object, java.lang.Object, java.lang.Object, int, java.lang.Object)'> (0x00000000d5b35338) 
thrown [s\src\hotspot\share\interpreter\linkResolver.cpp, line 773]
Event: 34.870 Thread 0x0000025fd4d143f0 Exception <a 'java/lang/NoSuchMethodError'{0x00000000d5b38e78}: 'java.lang.Object java.lang.invoke.Invokers$Holder.linkToTargetMethod(java.lang.Object, java.lang.Object, int, java.lang.Object, java.lang.Object)'> (0x00000000d5b38e78) 
thrown [s\src\hotspot\share\interpreter\linkResolver.cpp, line 773]
Event: 34.872 Thread 0x0000025fd475ddd0 Exception <a 'java/lang/NoSuchMethodError'{0x00000000d5b7ce78}: 'java.lang.Object java.lang.invoke.DirectMethodHandle$Holder.invokeSpecial(java.lang.Object, java.lang.Object, int, java.lang.Object, java.lang.Object)'> (0x00000000d5b7ce78) 
thrown [s\src\hotspot\share\interpreter\linkResolver.cpp, line 773]
Event: 34.945 Thread 0x0000025fd4d143f0 Exception <a 'java/lang/NoSuchMethodError'{0x00000000d5c837c8}: 'void java.lang.invoke.DirectMethodHandle$Holder.invokeSpecial(java.lang.Object, java.lang.Object, java.lang.Object, java.lang.Object, java.lang.Object)'> (0x00000000d5c837c8) 
thrown [s\src\hotspot\share\interpreter\linkResolver.cpp, line 773]

ZGC Phase Switch (0 events):
No events

VM Operations (20 events):
Event: 30.172 Executing safepoint VM operation: Cleanup
Event: 30.172 Executing safepoint VM operation: Cleanup done
Event: 31.177 Executing safepoint VM operation: Cleanup
Event: 31.177 Executing safepoint VM operation: Cleanup done
Event: 32.183 Executing safepoint VM operation: Cleanup
Event: 32.183 Executing safepoint VM operation: Cleanup done
Event: 32.335 Executing non-safepoint VM operation: HandshakeAllThreads (Deoptimize)
Event: 32.335 Executing non-safepoint VM operation: HandshakeAllThreads (Deoptimize) done
Event: 32.617 Executing non-safepoint VM operation: HandshakeAllThreads (Deoptimize)
Event: 32.617 Executing non-safepoint VM operation: HandshakeAllThreads (Deoptimize) done
Event: 32.667 Executing safepoint VM operation: ParallelGCFailedAllocation (Allocation Failure)
Event: 32.676 Executing safepoint VM operation: ParallelGCFailedAllocation (Allocation Failure) done
Event: 33.120 Executing safepoint VM operation: ICBufferFull
Event: 33.121 Executing safepoint VM operation: ICBufferFull done
Event: 34.126 Executing safepoint VM operation: Cleanup
Event: 34.166 Executing safepoint VM operation: Cleanup done
Event: 34.425 Executing safepoint VM operation: ParallelGCFailedAllocation (Allocation Failure)
Event: 34.432 Executing safepoint VM operation: ParallelGCFailedAllocation (Allocation Failure) done
Event: 34.496 Executing non-safepoint VM operation: HandshakeAllThreads (Deoptimize)
Event: 34.496 Executing non-safepoint VM operation: HandshakeAllThreads (Deoptimize) done

Memory protections (0 events):
No events

Nmethod flushes (0 events):
No events

Events (20 events):
Event: 2.815 Thread 0x0000025ff05190a0 Thread added: 0x0000025fd4be7870
Event: 3.206 Thread 0x0000025fd44840c0 Thread exited: 0x0000025fd44840c0
Event: 10.063 Thread 0x0000025ff05190a0 Thread added: 0x0000025fd4bde960
Event: 10.173 Thread 0x0000025fd4bde960 Thread added: 0x0000025fd4bdac60
Event: 10.211 Thread 0x0000025ff05190a0 Thread added: 0x0000025fd4d143f0
Event: 10.994 Thread 0x0000025ffa1bc3d0 Thread added: 0x0000025fd4bd9650
Event: 10.995 Thread 0x0000025ffa1bc3d0 Thread added: 0x0000025fd47d1a10
Event: 11.493 Thread 0x0000025fd47d1a10 Thread exited: 0x0000025fd47d1a10
Event: 11.493 Thread 0x0000025fd4bd9650 Thread exited: 0x0000025fd4bd9650
Event: 15.298 Thread 0x0000025ffa1bc3d0 Thread added: 0x0000025fd47d1a10
Event: 15.440 Thread 0x0000025fd4d143f0 Thread added: 0x0000025fd516f780
Event: 16.023 Thread 0x0000025fd47d1a10 Thread exited: 0x0000025fd47d1a10
Event: 32.589 Thread 0x0000025fd4d143f0 Thread added: 0x0000025fd49caa60
Event: 32.836 Thread 0x0000025ffa1a02c0 Thread added: 0x0000025fd4fd5cb0
Event: 32.919 Thread 0x0000025ffa1bc3d0 Thread added: 0x0000025fd487c7c0
Event: 33.676 Thread 0x0000025fd4d143f0 Thread added: 0x0000025fd5163420
Event: 33.718 Thread 0x0000025fd487c7c0 Thread exited: 0x0000025fd487c7c0
Event: 33.990 Thread 0x0000025fd4fd5cb0 Thread exited: 0x0000025fd4fd5cb0
Event: 34.795 Thread 0x0000025fd4d143f0 Thread added: 0x0000025fd475ddd0
Event: 34.872 Thread 0x0000025fd4d143f0 Thread added: 0x0000025fd475f180


Dynamic libraries:
0x00007ff60d940000 - 0x00007ff60d94e000 	c:\Users\Ghani\.vscode\extensions\redhat.java-1.53.0-win32-x64\jre\21.0.10-win32-x86_64\bin\java.exe
0x00007ff914cf0000 - 0x00007ff914ee8000 	C:\Windows\SYSTEM32\ntdll.dll
0x00007ff9134a0000 - 0x00007ff913562000 	C:\Windows\System32\KERNEL32.DLL
0x00007ff9127d0000 - 0x00007ff912ac7000 	C:\Windows\System32\KERNELBASE.dll
0x00007ff912ad0000 - 0x00007ff912bd0000 	C:\Windows\System32\ucrtbase.dll
0x00007ff906fc0000 - 0x00007ff906fd8000 	c:\Users\Ghani\.vscode\extensions\redhat.java-1.53.0-win32-x64\jre\21.0.10-win32-x86_64\bin\jli.dll
0x00007ff912d00000 - 0x00007ff912e9d000 	C:\Windows\System32\USER32.dll
0x00007ff912680000 - 0x00007ff9126a2000 	C:\Windows\System32\win32u.dll
0x00007ff9132e0000 - 0x00007ff91330b000 	C:\Windows\System32\GDI32.dll
0x00007ff906b90000 - 0x00007ff906bae000 	c:\Users\Ghani\.vscode\extensions\redhat.java-1.53.0-win32-x64\jre\21.0.10-win32-x86_64\bin\VCRUNTIME140.dll
0x00007ff9126b0000 - 0x00007ff9127ca000 	C:\Windows\System32\gdi32full.dll
0x00007ff912450000 - 0x00007ff9124ed000 	C:\Windows\System32\msvcp_win.dll
0x00007ff8f8250000 - 0x00007ff8f84eb000 	C:\Windows\WinSxS\amd64_microsoft.windows.common-controls_6595b64144ccf1df_6.0.19041.6926_none_60b5a53971f8f7e6\COMCTL32.dll
0x00007ff912ea0000 - 0x00007ff912f3e000 	C:\Windows\System32\msvcrt.dll
0x00007ff914a60000 - 0x00007ff914a8f000 	C:\Windows\System32\IMM32.DLL
0x00007ff8ea3d0000 - 0x00007ff8ea3dc000 	c:\Users\Ghani\.vscode\extensions\redhat.java-1.53.0-win32-x64\jre\21.0.10-win32-x86_64\bin\vcruntime140_1.dll
0x00007ff8ea340000 - 0x00007ff8ea3cd000 	c:\Users\Ghani\.vscode\extensions\redhat.java-1.53.0-win32-x64\jre\21.0.10-win32-x86_64\bin\msvcp140.dll
0x00007ff885f80000 - 0x00007ff886d21000 	c:\Users\Ghani\.vscode\extensions\redhat.java-1.53.0-win32-x64\jre\21.0.10-win32-x86_64\bin\server\jvm.dll
0x00007ff913d70000 - 0x00007ff913e21000 	C:\Windows\System32\ADVAPI32.dll
0x00007ff912f50000 - 0x00007ff912fef000 	C:\Windows\System32\sechost.dll
0x00007ff913700000 - 0x00007ff913826000 	C:\Windows\System32\RPCRT4.dll
0x00007ff912650000 - 0x00007ff912677000 	C:\Windows\System32\bcrypt.dll
0x00007ff913d00000 - 0x00007ff913d6b000 	C:\Windows\System32\WS2_32.dll
0x00007ff911df0000 - 0x00007ff911e3b000 	C:\Windows\SYSTEM32\POWRPROF.dll
0x00007ff8f85a0000 - 0x00007ff8f85c7000 	C:\Windows\SYSTEM32\WINMM.dll
0x00007ff906e50000 - 0x00007ff906e5a000 	C:\Windows\SYSTEM32\VERSION.dll
0x00007ff911dd0000 - 0x00007ff911de2000 	C:\Windows\SYSTEM32\UMPDC.dll
0x00007ff910390000 - 0x00007ff9103a2000 	C:\Windows\SYSTEM32\kernel.appcore.dll
0x00007ff8ea330000 - 0x00007ff8ea33a000 	c:\Users\Ghani\.vscode\extensions\redhat.java-1.53.0-win32-x64\jre\21.0.10-win32-x86_64\bin\jimage.dll
0x00007ff910050000 - 0x00007ff910251000 	C:\Windows\SYSTEM32\DBGHELP.DLL
0x00007ff8eabb0000 - 0x00007ff8eabe4000 	C:\Windows\SYSTEM32\dbgcore.DLL
0x00007ff9123c0000 - 0x00007ff912442000 	C:\Windows\System32\bcryptPrimitives.dll
0x00007ff8f58e0000 - 0x00007ff8f58ef000 	c:\Users\Ghani\.vscode\extensions\redhat.java-1.53.0-win32-x64\jre\21.0.10-win32-x86_64\bin\instrument.dll
0x00007ff8ead40000 - 0x00007ff8ead60000 	c:\Users\Ghani\.vscode\extensions\redhat.java-1.53.0-win32-x64\jre\21.0.10-win32-x86_64\bin\java.dll
0x00007ff913e30000 - 0x00007ff9145a1000 	C:\Windows\System32\SHELL32.dll
0x00007ff9103b0000 - 0x00007ff910b56000 	C:\Windows\SYSTEM32\windows.storage.dll
0x00007ff9145b0000 - 0x00007ff914903000 	C:\Windows\System32\combase.dll
0x00007ff911bf0000 - 0x00007ff911c1b000 	C:\Windows\SYSTEM32\Wldp.dll
0x00007ff914910000 - 0x00007ff9149dd000 	C:\Windows\System32\OLEAUT32.dll
0x00007ff914a90000 - 0x00007ff914b3d000 	C:\Windows\System32\SHCORE.dll
0x00007ff9135d0000 - 0x00007ff91362b000 	C:\Windows\System32\shlwapi.dll
0x00007ff9122a0000 - 0x00007ff9122c4000 	C:\Windows\SYSTEM32\profapi.dll
0x00007ff8ea6e0000 - 0x00007ff8ea6f8000 	c:\Users\Ghani\.vscode\extensions\redhat.java-1.53.0-win32-x64\jre\21.0.10-win32-x86_64\bin\zip.dll
0x00007ff8ead30000 - 0x00007ff8ead40000 	C:\Users\Ghani\.vscode\extensions\redhat.java-1.53.0-win32-x64\jre\21.0.10-win32-x86_64\bin\net.dll
0x00007ff90e750000 - 0x00007ff90e85a000 	C:\Windows\SYSTEM32\WINHTTP.dll
0x00007ff9119a0000 - 0x00007ff911a0a000 	C:\Windows\system32\mswsock.dll
0x00007ff8ea6c0000 - 0x00007ff8ea6d6000 	C:\Users\Ghani\.vscode\extensions\redhat.java-1.53.0-win32-x64\jre\21.0.10-win32-x86_64\bin\nio.dll
0x00007ff8ea550000 - 0x00007ff8ea560000 	c:\Users\Ghani\.vscode\extensions\redhat.java-1.53.0-win32-x64\jre\21.0.10-win32-x86_64\bin\verify.dll
0x00007ff8e8260000 - 0x00007ff8e82a5000 	C:\Users\Ghani\AppData\Roaming\Code\User\globalStorage\redhat.java\1.53.0\config_win\org.eclipse.equinox.launcher\org.eclipse.equinox.launcher.win32.win32.x86_64_1.3.0.v20260203-2149\eclipse_11919.dll
0x00007ff913310000 - 0x00007ff91343b000 	C:\Windows\System32\ole32.dll
0x00007ff8ea500000 - 0x00007ff8ea50a000 	C:\Users\Ghani\.vscode\extensions\redhat.java-1.53.0-win32-x64\jre\21.0.10-win32-x86_64\bin\management.dll
0x00007ff8ea4f0000 - 0x00007ff8ea4fc000 	C:\Users\Ghani\.vscode\extensions\redhat.java-1.53.0-win32-x64\jre\21.0.10-win32-x86_64\bin\management_ext.dll
0x00007ff912ff0000 - 0x00007ff912ff8000 	C:\Windows\System32\PSAPI.DLL

JVMTI agents:
c:\Users\Ghani\.vscode\extensions\redhat.java-1.53.0-win32-x64\lombok\lombok-1.18.39-4050.jar path:c:\Users\Ghani\.vscode\extensions\redhat.java-1.53.0-win32-x64\jre\21.0.10-win32-x86_64\bin\instrument.dll, loaded, initialized, instrumentlib options:none

dbghelp: loaded successfully - version: 4.0.5 - missing functions: none
symbol engine: initialized successfully - sym options: 0x614 - pdb path: .;c:\Users\Ghani\.vscode\extensions\redhat.java-1.53.0-win32-x64\jre\21.0.10-win32-x86_64\bin;C:\Windows\SYSTEM32;C:\Windows\WinSxS\amd64_microsoft.windows.common-controls_6595b64144ccf1df_6.0.19041.6926_none_60b5a53971f8f7e6;c:\Users\Ghani\.vscode\extensions\redhat.java-1.53.0-win32-x64\jre\21.0.10-win32-x86_64\bin\server;C:\Users\Ghani\AppData\Roaming\Code\User\globalStorage\redhat.java\1.53.0\config_win\org.eclipse.equinox.launcher\org.eclipse.equinox.launcher.win32.win32.x86_64_1.3.0.v20260203-2149

VM Arguments:
jvm_args: --add-modules=ALL-SYSTEM --add-opens=java.base/java.util=ALL-UNNAMED --add-opens=java.base/java.lang=ALL-UNNAMED --add-opens=java.base/sun.nio.fs=ALL-UNNAMED -Declipse.application=org.eclipse.jdt.ls.core.id1 -Dosgi.bundles.defaultStartLevel=4 -Declipse.product=org.eclipse.jdt.ls.core.product -Djava.import.generatesMetadataFilesAtProjectRoot=false -DDetectVMInstallationsJob.disabled=true -Dfile.encoding=utf8 -XX:+UseParallelGC -XX:GCTimeRatio=4 -XX:AdaptiveSizePolicyWeight=90 -Dsun.zip.disableMemoryMapping=true -Xmx2G -Xms100m -Xlog:disable -javaagent:c:\Users\Ghani\.vscode\extensions\redhat.java-1.53.0-win32-x64\lombok\lombok-1.18.39-4050.jar -XX:+HeapDumpOnOutOfMemoryError -XX:HeapDumpPath=c:\Users\Ghani\AppData\Roaming\Code\User\workspaceStorage\fb3df97a9f176c259a1fbb3e8f6b0e32\redhat.java -Daether.dependencyCollector.impl=bf 
java_command: c:\Users\Ghani\.vscode\extensions\redhat.java-1.53.0-win32-x64\server\plugins\org.eclipse.equinox.launcher_1.7.100.v20251111-0406.jar -configuration c:\Users\Ghani\AppData\Roaming\Code\User\globalStorage\redhat.java\1.53.0\config_win -data c:\Users\Ghani\AppData\Roaming\Code\User\workspaceStorage\fb3df97a9f176c259a1fbb3e8f6b0e32\redhat.java\jdt_ws --pipe=\\.\pipe\lsp-584383ed3f1ce51f95ca42160e20d722-sock
java_class_path (initial): c:\Users\Ghani\.vscode\extensions\redhat.java-1.53.0-win32-x64\server\plugins\org.eclipse.equinox.launcher_1.7.100.v20251111-0406.jar
Launcher Type: SUN_STANDARD

[Global flags]
    uintx AdaptiveSizePolicyWeight                 = 90                                        {product} {command line}
     intx CICompilerCount                          = 4                                         {product} {ergonomic}
    uintx GCTimeRatio                              = 4                                         {product} {command line}
     bool HeapDumpOnOutOfMemoryError               = true                                   {manageable} {command line}
    ccstr HeapDumpPath                             = c:\Users\Ghani\AppData\Roaming\Code\User\workspaceStorage\fb3df97a9f176c259a1fbb3e8f6b0e32\redhat.java         {manageable} {command line}
   size_t InitialHeapSize                          = 104857600                                 {product} {command line}
   size_t MaxHeapSize                              = 2147483648                                {product} {command line}
   size_t MaxNewSize                               = 715653120                                 {product} {ergonomic}
   size_t MinHeapDeltaBytes                        = 524288                                    {product} {ergonomic}
   size_t MinHeapSize                              = 104857600                                 {product} {command line}
   size_t NewSize                                  = 34603008                                  {product} {ergonomic}
    uintx NonNMethodCodeHeapSize                   = 5839372                                {pd product} {ergonomic}
    uintx NonProfiledCodeHeapSize                  = 122909434                              {pd product} {ergonomic}
   size_t OldSize                                  = 70254592                                  {product} {ergonomic}
    uintx ProfiledCodeHeapSize                     = 122909434                              {pd product} {ergonomic}
    uintx ReservedCodeCacheSize                    = 251658240                              {pd product} {ergonomic}
     bool SegmentedCodeCache                       = true                                      {product} {ergonomic}
   size_t SoftMaxHeapSize                          = 2147483648                             {manageable} {ergonomic}
     bool UseCompressedOops                        = true                           {product lp64_product} {ergonomic}
     bool UseLargePagesIndividualAllocation        = false                                  {pd product} {ergonomic}
     bool UseParallelGC                            = true                                      {product} {command line}

Logging:
Log output configuration:
 #0: stdout all=off uptime,level,tags foldmultilines=false
 #1: stderr all=off uptime,level,tags foldmultilines=false

Release file:
JAVA_VERSION="21.0.10" 
MODULES="java.base java.compiler java.datatransfer java.xml java.prefs java.desktop java.instrument java.logging java.management java.security.sasl java.naming java.rmi java.management.rmi java.net.http java.scripting java.security.jgss java.transaction.xa java.sql java.sql.rowset java.xml.crypto java.se java.smartcardio jdk.accessibility jdk.internal.jvmstat jdk.attach jdk.charsets jdk.internal.opt jdk.zipfs jdk.compiler jdk.crypto.ec jdk.crypto.cryptoki jdk.crypto.mscapi jdk.dynalink jdk.internal.ed jdk.editpad jdk.hotspot.agent jdk.httpserver jdk.internal.le jdk.internal.vm.ci jdk.internal.vm.compiler jdk.internal.vm.compiler.management jdk.jartool jdk.javadoc jdk.jcmd jdk.management jdk.management.agent jdk.jconsole jdk.jdeps jdk.jdwp.agent jdk.jdi jdk.jfr jdk.jshell jdk.jsobject jdk.jstatd jdk.localedata jdk.management.jfr jdk.naming.dns jdk.naming.rmi jdk.net jdk.nio.mapmode jdk.random jdk.sctp jdk.security.auth jdk.security.jgss jdk.unsupported jdk.unsupported.desktop jdk.xml.dom" 

Environment Variables:
JAVA_HOME=C:\Program Files\Java\jdk-21
PATH=C:\Users\Ghani\AppData\Local\Programs\Microsoft VS Code;C:\Users\Ghani\AppData\Local\Programs\Python\Python310\Scripts;C:\Windows\System32;F:\flutter_windows_3.29.0-stable\flutter\bin;C:\Windows\System32\WindowsPowerShell\v1.0\;C:\Program Files\Common Files\Oracle\Java\javapath;C:\Program Files\apache-maven-3.9.9-bin\apache-maven-3.9.9\bin;E:\sqlite;C:\Program Files (x86)\Microsoft SQL Server\90\Shared\sqlbrowser.exe;C:\Program Files\nodejs;C:\Program Files\dotnet;C:\Program Files\dotnet\;C:\Program Files\Java\jdk-21\bin;C:\Program Files\Git\bin;C:\Program Files\Genymobile\Genymotion\tools\adb;F:\AndroidSDK;C:\Users\Ghani\commandlinetools-win-13114758_latest\cmdline-tools\bin;F:\AndroidSDK\platform-tools;C:\MinGW\bin;C:\Users\Ghani\AppData\Local\Pub\Cache\bin;C:\Program Files\Git\cmd;F:\dartsdk-windows-x64-release\dart-sdk\bin;C:\Windows\system32\config\systemprofile\.dotnet;C:\Program Files\nodejs\;E:\NewSoftwares\sonarqube-25.10.0.114319\sonarqube-25.10.0.114319\bin;E:\NewSoftwares\sonar-scanner-cli-7.3.0.5189-windows-x64\sonar-scanner-7.3.0.5189-windows-x64\bin;F:\supabase_cli\supabase_windows_amd64;E:\NIFI\nifi-2.6.0-bin\nifi-2.6.0\bin;C:\Users\Ghani\AppData\Local\Programs\Python\Python310\Scripts;F:\flutter_windows_3.29.0-stable\flutter\bin;C:\Program Files\Common Files\Oracle\Java\javapath;C:\Windows\System32\WindowsPowerShell\v1.0\;C:\Program Files\apache-maven-3.9.9-bin\apache-maven-3.9.9\bin;E:\sqlite;C:\Program Files\Java\jdk-21\bin;C:\Users\Ghani\AppData\Local\Programs\Microsoft VS Code\bin;C:\Program Files\MongoDB\Server\8.0\bin;C:\Users\Ghani\AppData\Local\Programs\Python\Python310;C:\Program Files\MySQL\MySQL Server 8.0\bin;C:\Program Files\Microsoft SQL Server\80\Tools\Bin;E:\sqlite\bin;C:\Program Files (x86)\Microsoft SQL Server\90\Shared\sqlbrowser.exe;C:\Program Files\nodejs;C:\Windows\System32;C:\Program Files\dotnet;C:\Program Files\Git\bin;C:\Program Files\Genymobile\Genymotion\tools\adb;F:\AndroidSDK;C:\Users\Ghani\commandlinetools-win-13114758_latest\cmdline-tools\bin;F:\AndroidSDK\platform-tools;C:\MinGW\bin;C:\Users\Ghani\AppData\Local\Pub\Cache\bin;F:\dartsdk-windows-x64-release\dart-sdk\bin;C:\Users\Ghani\.dotnet;C:\Users\Ghani\AppData\Roaming\npm;E:\NewSoftwares\sonarqube-25.10.0.114319\sonarqube-25.10.0.114319\bin;E:\NewSoftwares\sonar-scanner-cli-7.3.0.5189-windows-x64\sonar-scanner-7.3.0.5189-windows-x64\bin;F:\supabase_cli\supabase_windows_amd64;E:\NIFI\nifi-2.6.0-bin\nifi-2.6.0\bin;F:\Antigravity\bin;C:\Users\Ghani\.dotnet\tools
USERNAME=Ghani
OS=Windows_NT
PROCESSOR_IDENTIFIER=Intel64 Family 6 Model 142 Stepping 12, GenuineIntel
TMP=E:\Temp
TEMP=E:\Temp




Periodic native trim disabled

---------------  S Y S T E M  ---------------

OS:
 Windows 10 , 64 bit Build 19041 (10.0.19041.6807)
OS uptime: 0 days 2:59 hours
Hyper-V role detected

CPU: total 8 (initial active 8) (4 cores per cpu, 2 threads per core) family 6 model 142 stepping 12 microcode 0xc6, cx8, cmov, fxsr, ht, mmx, 3dnowpref, sse, sse2, sse3, ssse3, sse4.1, sse4.2, popcnt, lzcnt, tsc, tscinvbit, avx, avx2, aes, erms, clmul, bmi1, bmi2, adx, fma, vzeroupper, clflush, clflushopt, hv, rdtscp, f16c
Processor Information for processor 0
  Max Mhz: 1896, Current Mhz: 1496, Mhz Limit: 1592
Processor Information for processor 1
  Max Mhz: 1896, Current Mhz: 1496, Mhz Limit: 1592
Processor Information for processor 2
  Max Mhz: 1896, Current Mhz: 1596, Mhz Limit: 1592
Processor Information for processor 3
  Max Mhz: 1896, Current Mhz: 1596, Mhz Limit: 1592
Processor Information for processor 4
  Max Mhz: 1896, Current Mhz: 1596, Mhz Limit: 1592
Processor Information for processor 5
  Max Mhz: 1896, Current Mhz: 1596, Mhz Limit: 1592
Processor Information for processor 6
  Max Mhz: 1896, Current Mhz: 1496, Mhz Limit: 1592
Processor Information for processor 7
  Max Mhz: 1896, Current Mhz: 1596, Mhz Limit: 1592

Memory: 4k page, system-wide physical 16162M (2199M free)
TotalPageFile size 23912M (AvailPageFile size 2M)
current process WorkingSet (physical memory assigned to process): 128M, peak: 128M
current process commit charge ("private bytes"): 270M, peak: 271M

vm_info: OpenJDK 64-Bit Server VM (21.0.10+7-LTS) for windows-amd64 JRE (21.0.10+7-LTS), built on 2026-01-20T00:00:00Z by "admin" with MS VC++ 17.12 (VS2022)

END.
